ARM GAS  /tmp/ccdspdq6.s 			page 1


   1              		.cpu cortex-m3
   2              		.arch armv7-m
   3              		.fpu softvfp
   4              		.eabi_attribute 20, 1
   5              		.eabi_attribute 21, 1
   6              		.eabi_attribute 23, 3
   7              		.eabi_attribute 24, 1
   8              		.eabi_attribute 25, 1
   9              		.eabi_attribute 26, 1
  10              		.eabi_attribute 30, 1
  11              		.eabi_attribute 34, 1
  12              		.eabi_attribute 18, 4
  13              		.file	"can_al.c"
  14              		.text
  15              	.Ltext0:
  16              		.cfi_sections	.debug_frame
  17              		.file 1 "Libs/can_al/can_al.c"
  18              		.section	.text.HAL_CAN_RxFifo0MsgPendingCallback,"ax",%progbits
  19              		.align	1
  20              		.global	HAL_CAN_RxFifo0MsgPendingCallback
  21              		.syntax unified
  22              		.thumb
  23              		.thumb_func
  25              	HAL_CAN_RxFifo0MsgPendingCallback:
  26              	.LVL0:
  27              	.LFB65:
   1:Libs/can_al/can_al.c **** #include "can_al.h"
   2:Libs/can_al/can_al.c **** 
   3:Libs/can_al/can_al.c **** int CAN_ISR_FLAG = 0;
   4:Libs/can_al/can_al.c **** CAN_ConnectionTypeDef* Lib_CAN_Connection_ptr;
   5:Libs/can_al/can_al.c **** HAL_StatusTypeDef res;
   6:Libs/can_al/can_al.c **** 
   7:Libs/can_al/can_al.c **** /**
   8:Libs/can_al/can_al.c ****  * @brief  Defines the HAL Callback Function. 
   9:Libs/can_al/can_al.c ****  * 
  10:Libs/can_al/can_al.c ****  * In this case just sets the CAN_ISR_FLAG to 1
  11:Libs/can_al/can_al.c ****  * 
  12:Libs/can_al/can_al.c ****  * @param  canh The global CAN handle defined in can.h.
  13:Libs/can_al/can_al.c ****  */
  14:Libs/can_al/can_al.c **** void HAL_CAN_RxFifo0MsgPendingCallback(CAN_HandleTypeDef* canh){
  28              		.loc 1 14 64 view -0
  29              		.cfi_startproc
  30              		@ args = 0, pretend = 0, frame = 0
  31              		@ frame_needed = 0, uses_anonymous_args = 0
  32              		.loc 1 14 64 is_stmt 0 view .LVU1
  33 0000 08B5     		push	{r3, lr}
  34              	.LCFI0:
  35              		.cfi_def_cfa_offset 8
  36              		.cfi_offset 3, -8
  37              		.cfi_offset 14, -4
  15:Libs/can_al/can_al.c ****     HAL_CAN_GetRxMessage(canh, CAN_RX_FIFO0, &(Lib_CAN_Connection_ptr->RxHeader), Lib_CAN_Connectio
  38              		.loc 1 15 5 is_stmt 1 view .LVU2
  39              		.loc 1 15 70 is_stmt 0 view .LVU3
  40 0002 064B     		ldr	r3, .L3
  41 0004 1A68     		ldr	r2, [r3]
  42              		.loc 1 15 5 view .LVU4
  43 0006 02F14003 		add	r3, r2, #64
ARM GAS  /tmp/ccdspdq6.s 			page 2


  44 000a 2432     		adds	r2, r2, #36
  45 000c 0021     		movs	r1, #0
  46 000e FFF7FEFF 		bl	HAL_CAN_GetRxMessage
  47              	.LVL1:
  16:Libs/can_al/can_al.c ****     CAN_ISR_FLAG = 1;
  48              		.loc 1 16 5 is_stmt 1 view .LVU5
  49              		.loc 1 16 18 is_stmt 0 view .LVU6
  50 0012 034B     		ldr	r3, .L3+4
  51 0014 0122     		movs	r2, #1
  52 0016 1A60     		str	r2, [r3]
  17:Libs/can_al/can_al.c **** }
  53              		.loc 1 17 1 view .LVU7
  54 0018 08BD     		pop	{r3, pc}
  55              	.L4:
  56 001a 00BF     		.align	2
  57              	.L3:
  58 001c 00000000 		.word	Lib_CAN_Connection_ptr
  59 0020 00000000 		.word	CAN_ISR_FLAG
  60              		.cfi_endproc
  61              	.LFE65:
  63              		.section	.text.CAN_Start,"ax",%progbits
  64              		.align	1
  65              		.global	CAN_Start
  66              		.syntax unified
  67              		.thumb
  68              		.thumb_func
  70              	CAN_Start:
  71              	.LVL2:
  72              	.LFB66:
  18:Libs/can_al/can_al.c **** 
  19:Libs/can_al/can_al.c **** 
  20:Libs/can_al/can_al.c **** 
  21:Libs/can_al/can_al.c **** /**
  22:Libs/can_al/can_al.c ****  * @brief Starts the CAN bus
  23:Libs/can_al/can_al.c ****  *  
  24:Libs/can_al/can_al.c ****  * Set's the node's id
  25:Libs/can_al/can_al.c ****  * Defines important TX headers
  26:Libs/can_al/can_al.c ****  * Start the FIFO0 message Callback
  27:Libs/can_al/can_al.c ****  * Saves the CAN_ConnectionTypeDef's address for future use in the callback function
  28:Libs/can_al/can_al.c ****  * 
  29:Libs/can_al/can_al.c ****  * @param CAN_Connection Pointer the CAN_ConnectionTypeDef to start
  30:Libs/can_al/can_al.c ****  * @param id Node's id
  31:Libs/can_al/can_al.c ****  */
  32:Libs/can_al/can_al.c **** HAL_StatusTypeDef CAN_Start(CAN_ConnectionTypeDef* CAN_Connection, uint16_t id){
  73              		.loc 1 32 80 is_stmt 1 view -0
  74              		.cfi_startproc
  75              		@ args = 0, pretend = 0, frame = 0
  76              		@ frame_needed = 0, uses_anonymous_args = 0
  77              		.loc 1 32 80 is_stmt 0 view .LVU9
  78 0000 70B5     		push	{r4, r5, r6, lr}
  79              	.LCFI1:
  80              		.cfi_def_cfa_offset 16
  81              		.cfi_offset 4, -16
  82              		.cfi_offset 5, -12
  83              		.cfi_offset 6, -8
  84              		.cfi_offset 14, -4
  85 0002 0446     		mov	r4, r0
ARM GAS  /tmp/ccdspdq6.s 			page 3


  33:Libs/can_al/can_al.c **** 
  34:Libs/can_al/can_al.c ****     CAN_Connection->TxDataHeader.IDE = CAN_ID_STD;
  86              		.loc 1 34 5 is_stmt 1 view .LVU10
  87              		.loc 1 34 38 is_stmt 0 view .LVU11
  88 0004 0023     		movs	r3, #0
  89 0006 8360     		str	r3, [r0, #8]
  35:Libs/can_al/can_al.c ****     CAN_Connection->TxDataHeader.StdId = id;
  90              		.loc 1 35 5 is_stmt 1 view .LVU12
  91              		.loc 1 35 40 is_stmt 0 view .LVU13
  92 0008 0160     		str	r1, [r0]
  36:Libs/can_al/can_al.c ****     CAN_Connection->TxDataHeader.RTR = CAN_RTR_DATA;
  93              		.loc 1 36 5 is_stmt 1 view .LVU14
  94              		.loc 1 36 38 is_stmt 0 view .LVU15
  95 000a C360     		str	r3, [r0, #12]
  37:Libs/can_al/can_al.c ****   
  38:Libs/can_al/can_al.c ****     res = HAL_CAN_Start(&hcan);
  96              		.loc 1 38 5 is_stmt 1 view .LVU16
  97              		.loc 1 38 11 is_stmt 0 view .LVU17
  98 000c 064E     		ldr	r6, .L7
  99 000e 3046     		mov	r0, r6
 100              	.LVL3:
 101              		.loc 1 38 11 view .LVU18
 102 0010 FFF7FEFF 		bl	HAL_CAN_Start
 103              	.LVL4:
 104              		.loc 1 38 9 discriminator 1 view .LVU19
 105 0014 054D     		ldr	r5, .L7+4
 106 0016 2870     		strb	r0, [r5]
  39:Libs/can_al/can_al.c ****   
  40:Libs/can_al/can_al.c ****     Lib_CAN_Connection_ptr = CAN_Connection;
 107              		.loc 1 40 5 is_stmt 1 view .LVU20
 108              		.loc 1 40 28 is_stmt 0 view .LVU21
 109 0018 054B     		ldr	r3, .L7+8
 110 001a 1C60     		str	r4, [r3]
  41:Libs/can_al/can_al.c ****     HAL_CAN_ActivateNotification(&hcan, CAN_IT_RX_FIFO0_MSG_PENDING);
 111              		.loc 1 41 5 is_stmt 1 view .LVU22
 112 001c 0221     		movs	r1, #2
 113 001e 3046     		mov	r0, r6
 114 0020 FFF7FEFF 		bl	HAL_CAN_ActivateNotification
 115              	.LVL5:
  42:Libs/can_al/can_al.c **** 
  43:Libs/can_al/can_al.c ****     return res;
 116              		.loc 1 43 5 view .LVU23
  44:Libs/can_al/can_al.c **** }
 117              		.loc 1 44 1 is_stmt 0 view .LVU24
 118 0024 2878     		ldrb	r0, [r5]	@ zero_extendqisi2
 119 0026 70BD     		pop	{r4, r5, r6, pc}
 120              	.LVL6:
 121              	.L8:
 122              		.loc 1 44 1 view .LVU25
 123              		.align	2
 124              	.L7:
 125 0028 00000000 		.word	hcan
 126 002c 00000000 		.word	res
 127 0030 00000000 		.word	Lib_CAN_Connection_ptr
 128              		.cfi_endproc
 129              	.LFE66:
 131              		.section	.text.CAN_Send,"ax",%progbits
ARM GAS  /tmp/ccdspdq6.s 			page 4


 132              		.align	1
 133              		.global	CAN_Send
 134              		.syntax unified
 135              		.thumb
 136              		.thumb_func
 138              	CAN_Send:
 139              	.LVL7:
 140              	.LFB67:
  45:Libs/can_al/can_al.c **** 
  46:Libs/can_al/can_al.c **** 
  47:Libs/can_al/can_al.c **** /**
  48:Libs/can_al/can_al.c ****  * @brief Sends a message onto the CANBUS
  49:Libs/can_al/can_al.c ****  * 
  50:Libs/can_al/can_al.c ****  * Send the first n bytes of CAN_ConnectionTypeDef::TxData to the Bus
  51:Libs/can_al/can_al.c ****  * 
  52:Libs/can_al/can_al.c ****  * @param CAN_Connection Pointer the CAN_ConnectionTypeDef to send from
  53:Libs/can_al/can_al.c ****  * @param length How many bytes of CAN_ConnectionTypeDef::TxData to send
  54:Libs/can_al/can_al.c ****  */
  55:Libs/can_al/can_al.c **** void CAN_Send(CAN_ConnectionTypeDef* CAN_Connection, int length){
 141              		.loc 1 55 65 is_stmt 1 view -0
 142              		.cfi_startproc
 143              		@ args = 0, pretend = 0, frame = 0
 144              		@ frame_needed = 0, uses_anonymous_args = 0
 145              		.loc 1 55 65 is_stmt 0 view .LVU27
 146 0000 08B5     		push	{r3, lr}
 147              	.LCFI2:
 148              		.cfi_def_cfa_offset 8
 149              		.cfi_offset 3, -8
 150              		.cfi_offset 14, -4
  56:Libs/can_al/can_al.c ****     CAN_Connection->TxDataHeader.DLC = length;
 151              		.loc 1 56 5 is_stmt 1 view .LVU28
 152              		.loc 1 56 38 is_stmt 0 view .LVU29
 153 0002 0161     		str	r1, [r0, #16]
  57:Libs/can_al/can_al.c ****     HAL_CAN_AddTxMessage(&hcan, &CAN_Connection->TxDataHeader, CAN_Connection->TxData, &CAN_Connect
 154              		.loc 1 57 5 is_stmt 1 view .LVU30
 155 0004 00F12003 		add	r3, r0, #32
 156 0008 00F11802 		add	r2, r0, #24
 157 000c 0146     		mov	r1, r0
 158              	.LVL8:
 159              		.loc 1 57 5 is_stmt 0 view .LVU31
 160 000e 0248     		ldr	r0, .L11
 161              	.LVL9:
 162              		.loc 1 57 5 view .LVU32
 163 0010 FFF7FEFF 		bl	HAL_CAN_AddTxMessage
 164              	.LVL10:
  58:Libs/can_al/can_al.c **** }
 165              		.loc 1 58 1 view .LVU33
 166 0014 08BD     		pop	{r3, pc}
 167              	.L12:
 168 0016 00BF     		.align	2
 169              	.L11:
 170 0018 00000000 		.word	hcan
 171              		.cfi_endproc
 172              	.LFE67:
 174              		.section	.text.CAN_Add_Filter_Discrete,"ax",%progbits
 175              		.align	1
 176              		.global	CAN_Add_Filter_Discrete
ARM GAS  /tmp/ccdspdq6.s 			page 5


 177              		.syntax unified
 178              		.thumb
 179              		.thumb_func
 181              	CAN_Add_Filter_Discrete:
 182              	.LVL11:
 183              	.LFB68:
  59:Libs/can_al/can_al.c **** 
  60:Libs/can_al/can_al.c **** /**
  61:Libs/can_al/can_al.c ****  * @brief Adds filters to a given CAN connection (discrete)
  62:Libs/can_al/can_al.c ****  * 
  63:Libs/can_al/can_al.c ****  * Takes an array on 11-bit integers to use as filters for the CAN Controller
  64:Libs/can_al/can_al.c ****  * 
  65:Libs/can_al/can_al.c ****  * @param CAN_Connection The CAN_ConnectionTypeDef to add filters too
  66:Libs/can_al/can_al.c ****  * @param length Length of ids array
  67:Libs/can_al/can_al.c ****  * @param ids Array of 11-bit CAN identifiers
  68:Libs/can_al/can_al.c ****  */
  69:Libs/can_al/can_al.c **** HAL_StatusTypeDef CAN_Add_Filter_Discrete(CAN_ConnectionTypeDef* CAN_Connection, int length, uint16
 184              		.loc 1 69 108 is_stmt 1 view -0
 185              		.cfi_startproc
 186              		@ args = 0, pretend = 0, frame = 40
 187              		@ frame_needed = 0, uses_anonymous_args = 0
 188              		.loc 1 69 108 is_stmt 0 view .LVU35
 189 0000 00B5     		push	{lr}
 190              	.LCFI3:
 191              		.cfi_def_cfa_offset 4
 192              		.cfi_offset 14, -4
 193 0002 8BB0     		sub	sp, sp, #44
 194              	.LCFI4:
 195              		.cfi_def_cfa_offset 48
  70:Libs/can_al/can_al.c ****     int ids_left = length;
 196              		.loc 1 70 5 is_stmt 1 view .LVU36
 197              	.LVL12:
  71:Libs/can_al/can_al.c ****   
  72:Libs/can_al/can_al.c ****     CAN_FilterTypeDef CAN_Filter_Config;
 198              		.loc 1 72 5 view .LVU37
  73:Libs/can_al/can_al.c ****   
  74:Libs/can_al/can_al.c ****     CAN_Filter_Config.FilterActivation = CAN_FILTER_ENABLE;
 199              		.loc 1 74 5 view .LVU38
 200              		.loc 1 74 40 is_stmt 0 view .LVU39
 201 0004 0120     		movs	r0, #1
 202              	.LVL13:
 203              		.loc 1 74 40 view .LVU40
 204 0006 0890     		str	r0, [sp, #32]
  75:Libs/can_al/can_al.c ****     CAN_Filter_Config.FilterFIFOAssignment = CAN_FILTER_FIFO0;
 205              		.loc 1 75 5 is_stmt 1 view .LVU41
 206              		.loc 1 75 44 is_stmt 0 view .LVU42
 207 0008 0023     		movs	r3, #0
 208 000a 0493     		str	r3, [sp, #16]
  76:Libs/can_al/can_al.c ****     CAN_Filter_Config.FilterMode = CAN_FILTERMODE_IDLIST;
 209              		.loc 1 76 5 is_stmt 1 view .LVU43
 210              		.loc 1 76 34 is_stmt 0 view .LVU44
 211 000c 0690     		str	r0, [sp, #24]
  77:Libs/can_al/can_al.c ****     CAN_Filter_Config.FilterScale = CAN_FILTERSCALE_16BIT;
 212              		.loc 1 77 5 is_stmt 1 view .LVU45
 213              		.loc 1 77 35 is_stmt 0 view .LVU46
 214 000e 0793     		str	r3, [sp, #28]
  78:Libs/can_al/can_al.c ****   
ARM GAS  /tmp/ccdspdq6.s 			page 6


  79:Libs/can_al/can_al.c ****     for(int i = 0; i < ((length-1)/4)+1; i++){
 215              		.loc 1 79 5 is_stmt 1 view .LVU47
 216              	.LBB2:
 217              		.loc 1 79 9 view .LVU48
 218              	.LVL14:
 219              		.loc 1 79 22 discriminator 1 view .LVU49
 220 0010 11F1020F 		cmn	r1, #2
 221 0014 1ADB     		blt	.L13
  80:Libs/can_al/can_al.c ****   
  81:Libs/can_al/can_al.c ****       CAN_Filter_Config.FilterBank = i;
 222              		.loc 1 81 7 view .LVU50
 223              		.loc 1 81 36 is_stmt 0 view .LVU51
 224 0016 0593     		str	r3, [sp, #20]
  82:Libs/can_al/can_al.c ****   
  83:Libs/can_al/can_al.c ****       if (ids_left-- > 0)
 225              		.loc 1 83 7 is_stmt 1 view .LVU52
 226              	.LVL15:
 227              		.loc 1 83 10 is_stmt 0 view .LVU53
 228 0018 9942     		cmp	r1, r3
 229 001a 07DD     		ble	.L15
  84:Libs/can_al/can_al.c ****         CAN_Filter_Config.FilterIdHigh = (ids[4*i] << 5);
 230              		.loc 1 84 9 is_stmt 1 view .LVU54
 231              		.loc 1 84 46 is_stmt 0 view .LVU55
 232 001c 1388     		ldrh	r3, [r2]
 233              		.loc 1 84 52 view .LVU56
 234 001e 5B01     		lsls	r3, r3, #5
 235              		.loc 1 84 40 view .LVU57
 236 0020 0093     		str	r3, [sp]
  85:Libs/can_al/can_al.c ****   
  86:Libs/can_al/can_al.c ****       if (ids_left-- > 0)
 237              		.loc 1 86 7 is_stmt 1 view .LVU58
 238              	.LVL16:
 239              		.loc 1 86 10 is_stmt 0 view .LVU59
 240 0022 8142     		cmp	r1, r0
 241 0024 0CDD     		ble	.L18
  87:Libs/can_al/can_al.c ****         CAN_Filter_Config.FilterIdLow = (ids[4*i + 1] << 5);
 242              		.loc 1 87 9 is_stmt 1 view .LVU60
 243              		.loc 1 87 45 is_stmt 0 view .LVU61
 244 0026 5388     		ldrh	r3, [r2, #2]
 245              		.loc 1 87 55 view .LVU62
 246 0028 5B01     		lsls	r3, r3, #5
 247              		.loc 1 87 39 view .LVU63
 248 002a 0193     		str	r3, [sp, #4]
 249              	.LVL17:
 250              	.L15:
  88:Libs/can_al/can_al.c ****   
  89:Libs/can_al/can_al.c ****       if (ids_left-- > 0)
 251              		.loc 1 89 7 is_stmt 1 view .LVU64
 252              		.loc 1 89 10 is_stmt 0 view .LVU65
 253 002c 0229     		cmp	r1, #2
 254 002e 07DD     		ble	.L18
  90:Libs/can_al/can_al.c ****         CAN_Filter_Config.FilterMaskIdHigh = (ids[4*i + 2] << 5);
 255              		.loc 1 90 9 is_stmt 1 view .LVU66
 256              		.loc 1 90 50 is_stmt 0 view .LVU67
 257 0030 9388     		ldrh	r3, [r2, #4]
 258              		.loc 1 90 60 view .LVU68
 259 0032 5B01     		lsls	r3, r3, #5
ARM GAS  /tmp/ccdspdq6.s 			page 7


 260              		.loc 1 90 44 view .LVU69
 261 0034 0293     		str	r3, [sp, #8]
  91:Libs/can_al/can_al.c ****     
  92:Libs/can_al/can_al.c ****       if (ids_left-- > 0)
 262              		.loc 1 92 7 is_stmt 1 view .LVU70
 263              	.LVL18:
 264              		.loc 1 92 10 is_stmt 0 view .LVU71
 265 0036 0329     		cmp	r1, #3
 266 0038 02DD     		ble	.L18
  93:Libs/can_al/can_al.c ****         CAN_Filter_Config.FilterMaskIdLow = (ids[4*i + 3] << 5);
 267              		.loc 1 93 9 is_stmt 1 view .LVU72
 268              		.loc 1 93 49 is_stmt 0 view .LVU73
 269 003a D388     		ldrh	r3, [r2, #6]
 270              		.loc 1 93 59 view .LVU74
 271 003c 5B01     		lsls	r3, r3, #5
 272              		.loc 1 93 43 view .LVU75
 273 003e 0393     		str	r3, [sp, #12]
 274              	.LVL19:
 275              	.L18:
  94:Libs/can_al/can_al.c ****   
  95:Libs/can_al/can_al.c ****       res = HAL_CAN_ConfigFilter(&hcan, &CAN_Filter_Config);
 276              		.loc 1 95 7 is_stmt 1 view .LVU76
 277              		.loc 1 95 13 is_stmt 0 view .LVU77
 278 0040 6946     		mov	r1, sp
 279              	.LVL20:
 280              		.loc 1 95 13 view .LVU78
 281 0042 0448     		ldr	r0, .L20
 282 0044 FFF7FEFF 		bl	HAL_CAN_ConfigFilter
 283              	.LVL21:
 284              		.loc 1 95 11 discriminator 1 view .LVU79
 285 0048 034B     		ldr	r3, .L20+4
 286 004a 1870     		strb	r0, [r3]
  96:Libs/can_al/can_al.c ****       return res;
 287              		.loc 1 96 7 is_stmt 1 view .LVU80
 288              	.L13:
 289              	.LBE2:
  97:Libs/can_al/can_al.c ****     }
  98:Libs/can_al/can_al.c ****   }
 290              		.loc 1 98 3 is_stmt 0 view .LVU81
 291 004c 0BB0     		add	sp, sp, #44
 292              	.LCFI5:
 293              		.cfi_def_cfa_offset 4
 294              		@ sp needed
 295 004e 5DF804FB 		ldr	pc, [sp], #4
 296              	.L21:
 297 0052 00BF     		.align	2
 298              	.L20:
 299 0054 00000000 		.word	hcan
 300 0058 00000000 		.word	res
 301              		.cfi_endproc
 302              	.LFE68:
 304              		.section	.text.CAN_Pack_TX_2Byte,"ax",%progbits
 305              		.align	1
 306              		.global	CAN_Pack_TX_2Byte
 307              		.syntax unified
 308              		.thumb
 309              		.thumb_func
ARM GAS  /tmp/ccdspdq6.s 			page 8


 311              	CAN_Pack_TX_2Byte:
 312              	.LVL22:
 313              	.LFB69:
  99:Libs/can_al/can_al.c **** 
 100:Libs/can_al/can_al.c **** void CAN_Pack_TX_2Byte(CAN_ConnectionTypeDef* CAN_Connection, int length, uint16_t* data){
 314              		.loc 1 100 90 is_stmt 1 view -0
 315              		.cfi_startproc
 316              		@ args = 0, pretend = 0, frame = 0
 317              		@ frame_needed = 0, uses_anonymous_args = 0
 101:Libs/can_al/can_al.c ****   for(int i=0; i<length; i++){
 318              		.loc 1 101 3 view .LVU83
 319              	.LBB3:
 320              		.loc 1 101 7 view .LVU84
 321              		.loc 1 101 11 is_stmt 0 view .LVU85
 322 0000 0023     		movs	r3, #0
 323              	.LVL23:
 324              		.loc 1 101 17 is_stmt 1 discriminator 1 view .LVU86
 325 0002 8B42     		cmp	r3, r1
 326 0004 15DA     		bge	.L28
 327              	.LBE3:
 100:Libs/can_al/can_al.c ****   for(int i=0; i<length; i++){
 328              		.loc 1 100 90 is_stmt 0 view .LVU87
 329 0006 10B5     		push	{r4, lr}
 330              	.LCFI6:
 331              		.cfi_def_cfa_offset 8
 332              		.cfi_offset 4, -8
 333              		.cfi_offset 14, -4
 334              	.L24:
 335              	.LBB4:
 102:Libs/can_al/can_al.c ****     CAN_Connection->TxData[2*i]   = (data[i] >> 0) & 0xFF;
 336              		.loc 1 102 5 is_stmt 1 view .LVU88
 337              		.loc 1 102 42 is_stmt 0 view .LVU89
 338 0008 4FEA430C 		lsl	ip, r3, #1
 339 000c 32F81340 		ldrh	r4, [r2, r3, lsl #1]
 340              		.loc 1 102 35 view .LVU90
 341 0010 00EB430E 		add	lr, r0, r3, lsl #1
 342 0014 8EF81840 		strb	r4, [lr, #24]
 103:Libs/can_al/can_al.c ****     CAN_Connection->TxData[2*i+1] = (data[i] >> 8) & 0xFF;
 343              		.loc 1 103 5 is_stmt 1 view .LVU91
 344              		.loc 1 103 42 is_stmt 0 view .LVU92
 345 0018 32F813E0 		ldrh	lr, [r2, r3, lsl #1]
 346              		.loc 1 103 31 view .LVU93
 347 001c 0CF1010C 		add	ip, ip, #1
 348              		.loc 1 103 35 view .LVU94
 349 0020 8444     		add	ip, ip, r0
 350 0022 4FEA1E2E 		lsr	lr, lr, #8
 351 0026 8CF818E0 		strb	lr, [ip, #24]
 101:Libs/can_al/can_al.c ****     CAN_Connection->TxData[2*i]   = (data[i] >> 0) & 0xFF;
 352              		.loc 1 101 27 is_stmt 1 discriminator 3 view .LVU95
 353 002a 0133     		adds	r3, r3, #1
 354              	.LVL24:
 101:Libs/can_al/can_al.c ****     CAN_Connection->TxData[2*i]   = (data[i] >> 0) & 0xFF;
 355              		.loc 1 101 17 discriminator 1 view .LVU96
 356 002c 8B42     		cmp	r3, r1
 357 002e EBDB     		blt	.L24
 358              	.LBE4:
 104:Libs/can_al/can_al.c ****   }
ARM GAS  /tmp/ccdspdq6.s 			page 9


 105:Libs/can_al/can_al.c **** }
 359              		.loc 1 105 1 is_stmt 0 view .LVU97
 360 0030 10BD     		pop	{r4, pc}
 361              	.L28:
 362              	.LCFI7:
 363              		.cfi_def_cfa_offset 0
 364              		.cfi_restore 4
 365              		.cfi_restore 14
 366              		.loc 1 105 1 view .LVU98
 367 0032 7047     		bx	lr
 368              		.cfi_endproc
 369              	.LFE69:
 371              		.section	.text.CAN_Unpack_RX_2Byte,"ax",%progbits
 372              		.align	1
 373              		.global	CAN_Unpack_RX_2Byte
 374              		.syntax unified
 375              		.thumb
 376              		.thumb_func
 378              	CAN_Unpack_RX_2Byte:
 379              	.LVL25:
 380              	.LFB70:
 106:Libs/can_al/can_al.c **** 
 107:Libs/can_al/can_al.c **** void CAN_Unpack_RX_2Byte(CAN_ConnectionTypeDef* CAN_Connection, int length, uint16_t* data){
 381              		.loc 1 107 92 is_stmt 1 view -0
 382              		.cfi_startproc
 383              		@ args = 0, pretend = 0, frame = 0
 384              		@ frame_needed = 0, uses_anonymous_args = 0
 108:Libs/can_al/can_al.c ****   for(int i=0; i<length; i++){
 385              		.loc 1 108 3 view .LVU100
 386              	.LBB5:
 387              		.loc 1 108 7 view .LVU101
 388              		.loc 1 108 11 is_stmt 0 view .LVU102
 389 0000 0023     		movs	r3, #0
 390              	.LVL26:
 391              		.loc 1 108 17 is_stmt 1 discriminator 1 view .LVU103
 392 0002 8B42     		cmp	r3, r1
 393 0004 13DA     		bge	.L35
 394              	.LBE5:
 107:Libs/can_al/can_al.c ****   for(int i=0; i<length; i++){
 395              		.loc 1 107 92 is_stmt 0 view .LVU104
 396 0006 00B5     		push	{lr}
 397              	.LCFI8:
 398              		.cfi_def_cfa_offset 4
 399              		.cfi_offset 14, -4
 400              	.L31:
 401              	.LBB6:
 109:Libs/can_al/can_al.c ****     data[i] = CAN_Connection->RxData[2*i+1] + (CAN_Connection->RxData[2*i] << 8);
 402              		.loc 1 109 5 is_stmt 1 view .LVU105
 403              		.loc 1 109 39 is_stmt 0 view .LVU106
 404 0008 4FEA430C 		lsl	ip, r3, #1
 405              		.loc 1 109 41 view .LVU107
 406 000c 0CF1010E 		add	lr, ip, #1
 407              		.loc 1 109 37 view .LVU108
 408 0010 8644     		add	lr, lr, r0
 409 0012 9EF840E0 		ldrb	lr, [lr, #64]	@ zero_extendqisi2
 410              		.loc 1 109 70 view .LVU109
 411 0016 8444     		add	ip, ip, r0
ARM GAS  /tmp/ccdspdq6.s 			page 10


 412 0018 9CF840C0 		ldrb	ip, [ip, #64]	@ zero_extendqisi2
 413              		.loc 1 109 45 view .LVU110
 414 001c 0EEB0C2C 		add	ip, lr, ip, lsl #8
 415              		.loc 1 109 13 view .LVU111
 416 0020 22F813C0 		strh	ip, [r2, r3, lsl #1]	@ movhi
 108:Libs/can_al/can_al.c ****   for(int i=0; i<length; i++){
 417              		.loc 1 108 27 is_stmt 1 discriminator 3 view .LVU112
 418 0024 0133     		adds	r3, r3, #1
 419              	.LVL27:
 108:Libs/can_al/can_al.c ****   for(int i=0; i<length; i++){
 420              		.loc 1 108 17 discriminator 1 view .LVU113
 421 0026 8B42     		cmp	r3, r1
 422 0028 EEDB     		blt	.L31
 423              	.LBE6:
 110:Libs/can_al/can_al.c ****   }
 111:Libs/can_al/can_al.c **** }...
 424              		.loc 1 111 1 is_stmt 0 view .LVU114
 425 002a 5DF804FB 		ldr	pc, [sp], #4
 426              	.L35:
 427              	.LCFI9:
 428              		.cfi_def_cfa_offset 0
 429              		.cfi_restore 14
 430              		.loc 1 111 1 view .LVU115
 431 002e 7047     		bx	lr
 432              		.cfi_endproc
 433              	.LFE70:
 435              		.global	res
 436              		.section	.bss.res,"aw",%nobits
 439              	res:
 440 0000 00       		.space	1
 441              		.global	Lib_CAN_Connection_ptr
 442              		.section	.bss.Lib_CAN_Connection_ptr,"aw",%nobits
 443              		.align	2
 446              	Lib_CAN_Connection_ptr:
 447 0000 00000000 		.space	4
 448              		.global	CAN_ISR_FLAG
 449              		.section	.bss.CAN_ISR_FLAG,"aw",%nobits
 450              		.align	2
 453              	CAN_ISR_FLAG:
 454 0000 00000000 		.space	4
 455              		.text
 456              	.Letext0:
 457              		.file 2 "/opt/gcc-arm/arm-none-eabi/include/machine/_default_types.h"
 458              		.file 3 "/opt/gcc-arm/arm-none-eabi/include/sys/_stdint.h"
 459              		.file 4 "Drivers/CMSIS/Device/ST/STM32F1xx/Include/stm32f103xb.h"
 460              		.file 5 "Drivers/CMSIS/Device/ST/STM32F1xx/Include/stm32f1xx.h"
 461              		.file 6 "Drivers/STM32F1xx_HAL_Driver/Inc/stm32f1xx_hal_def.h"
 462              		.file 7 "Drivers/STM32F1xx_HAL_Driver/Inc/stm32f1xx_hal_can.h"
 463              		.file 8 "Libs/can_al/can_al.h"
ARM GAS  /tmp/ccdspdq6.s 			page 11


DEFINED SYMBOLS
                            *ABS*:00000000 can_al.c
     /tmp/ccdspdq6.s:19     .text.HAL_CAN_RxFifo0MsgPendingCallback:00000000 $t
     /tmp/ccdspdq6.s:25     .text.HAL_CAN_RxFifo0MsgPendingCallback:00000000 HAL_CAN_RxFifo0MsgPendingCallback
     /tmp/ccdspdq6.s:58     .text.HAL_CAN_RxFifo0MsgPendingCallback:0000001c $d
     /tmp/ccdspdq6.s:446    .bss.Lib_CAN_Connection_ptr:00000000 Lib_CAN_Connection_ptr
     /tmp/ccdspdq6.s:453    .bss.CAN_ISR_FLAG:00000000 CAN_ISR_FLAG
     /tmp/ccdspdq6.s:64     .text.CAN_Start:00000000 $t
     /tmp/ccdspdq6.s:70     .text.CAN_Start:00000000 CAN_Start
     /tmp/ccdspdq6.s:125    .text.CAN_Start:00000028 $d
     /tmp/ccdspdq6.s:439    .bss.res:00000000 res
     /tmp/ccdspdq6.s:132    .text.CAN_Send:00000000 $t
     /tmp/ccdspdq6.s:138    .text.CAN_Send:00000000 CAN_Send
     /tmp/ccdspdq6.s:170    .text.CAN_Send:00000018 $d
     /tmp/ccdspdq6.s:175    .text.CAN_Add_Filter_Discrete:00000000 $t
     /tmp/ccdspdq6.s:181    .text.CAN_Add_Filter_Discrete:00000000 CAN_Add_Filter_Discrete
     /tmp/ccdspdq6.s:299    .text.CAN_Add_Filter_Discrete:00000054 $d
     /tmp/ccdspdq6.s:305    .text.CAN_Pack_TX_2Byte:00000000 $t
     /tmp/ccdspdq6.s:311    .text.CAN_Pack_TX_2Byte:00000000 CAN_Pack_TX_2Byte
     /tmp/ccdspdq6.s:372    .text.CAN_Unpack_RX_2Byte:00000000 $t
     /tmp/ccdspdq6.s:378    .text.CAN_Unpack_RX_2Byte:00000000 CAN_Unpack_RX_2Byte
     /tmp/ccdspdq6.s:440    .bss.res:00000000 $d
     /tmp/ccdspdq6.s:443    .bss.Lib_CAN_Connection_ptr:00000000 $d
     /tmp/ccdspdq6.s:450    .bss.CAN_ISR_FLAG:00000000 $d

UNDEFINED SYMBOLS
HAL_CAN_GetRxMessage
HAL_CAN_Start
HAL_CAN_ActivateNotification
hcan
HAL_CAN_AddTxMessage
HAL_CAN_ConfigFilter
