ARM GAS  /tmp/ccqLYw8i.s 			page 1


   1              		.cpu cortex-m3
   2              		.arch armv7-m
   3              		.fpu softvfp
   4              		.eabi_attribute 20, 1
   5              		.eabi_attribute 21, 1
   6              		.eabi_attribute 23, 3
   7              		.eabi_attribute 24, 1
   8              		.eabi_attribute 25, 1
   9              		.eabi_attribute 26, 1
  10              		.eabi_attribute 30, 1
  11              		.eabi_attribute 34, 1
  12              		.eabi_attribute 18, 4
  13              		.file	"main.c"
  14              		.text
  15              	.Ltext0:
  16              		.cfi_sections	.debug_frame
  17              		.file 1 "Core/Src/main.c"
  18              		.section	.text.Error_Handler,"ax",%progbits
  19              		.align	1
  20              		.global	Error_Handler
  21              		.syntax unified
  22              		.thumb
  23              		.thumb_func
  25              	Error_Handler:
  26              	.LFB67:
   1:Core/Src/main.c **** /* USER CODE BEGIN Header */
   2:Core/Src/main.c **** /**
   3:Core/Src/main.c ****   ******************************************************************************
   4:Core/Src/main.c ****   * @file           : main.c
   5:Core/Src/main.c ****   * @brief          : Main program body
   6:Core/Src/main.c ****   ******************************************************************************
   7:Core/Src/main.c ****   * @attention
   8:Core/Src/main.c ****   *
   9:Core/Src/main.c ****   * Copyright (c) 2025 STMicroelectronics.
  10:Core/Src/main.c ****   * All rights reserved.
  11:Core/Src/main.c ****   *
  12:Core/Src/main.c ****   * This software is licensed under terms that can be found in the LICENSE file
  13:Core/Src/main.c ****   * in the root directory of this software component.
  14:Core/Src/main.c ****   * If no LICENSE file comes with this software, it is provided AS-IS.
  15:Core/Src/main.c ****   *
  16:Core/Src/main.c ****   ******************************************************************************
  17:Core/Src/main.c ****   */
  18:Core/Src/main.c **** /* USER CODE END Header */
  19:Core/Src/main.c **** /* Includes ------------------------------------------------------------------*/
  20:Core/Src/main.c **** #include "main.h"
  21:Core/Src/main.c **** #include "can.h"
  22:Core/Src/main.c **** #include "fatfs.h"
  23:Core/Src/main.c **** #include "spi.h"
  24:Core/Src/main.c **** #include "tim.h"
  25:Core/Src/main.c **** #include "usart.h"
  26:Core/Src/main.c **** #include "gpio.h"
  27:Core/Src/main.c **** 
  28:Core/Src/main.c **** /* Private includes ----------------------------------------------------------*/
  29:Core/Src/main.c **** /* USER CODE BEGIN Includes */
  30:Core/Src/main.c **** #include "Cu_main.h"
  31:Core/Src/main.c **** /* USER CODE END Includes */
  32:Core/Src/main.c **** 
ARM GAS  /tmp/ccqLYw8i.s 			page 2


  33:Core/Src/main.c **** /* Private typedef -----------------------------------------------------------*/
  34:Core/Src/main.c **** /* USER CODE BEGIN PTD */
  35:Core/Src/main.c **** 
  36:Core/Src/main.c **** /* USER CODE END PTD */
  37:Core/Src/main.c **** 
  38:Core/Src/main.c **** /* Private define ------------------------------------------------------------*/
  39:Core/Src/main.c **** /* USER CODE BEGIN PD */
  40:Core/Src/main.c **** 
  41:Core/Src/main.c **** /* USER CODE END PD */
  42:Core/Src/main.c **** 
  43:Core/Src/main.c **** /* Private macro -------------------------------------------------------------*/
  44:Core/Src/main.c **** /* USER CODE BEGIN PM */
  45:Core/Src/main.c **** 
  46:Core/Src/main.c **** /* USER CODE END PM */
  47:Core/Src/main.c **** 
  48:Core/Src/main.c **** /* Private variables ---------------------------------------------------------*/
  49:Core/Src/main.c **** 
  50:Core/Src/main.c **** /* USER CODE BEGIN PV */
  51:Core/Src/main.c **** 
  52:Core/Src/main.c **** /* USER CODE END PV */
  53:Core/Src/main.c **** 
  54:Core/Src/main.c **** /* Private function prototypes -----------------------------------------------*/
  55:Core/Src/main.c **** void SystemClock_Config(void);
  56:Core/Src/main.c **** /* USER CODE BEGIN PFP */
  57:Core/Src/main.c **** 
  58:Core/Src/main.c **** /* USER CODE END PFP */
  59:Core/Src/main.c **** 
  60:Core/Src/main.c **** /* Private user code ---------------------------------------------------------*/
  61:Core/Src/main.c **** /* USER CODE BEGIN 0 */
  62:Core/Src/main.c **** 
  63:Core/Src/main.c **** /* USER CODE END 0 */
  64:Core/Src/main.c **** 
  65:Core/Src/main.c **** /**
  66:Core/Src/main.c ****   * @brief  The application entry point.
  67:Core/Src/main.c ****   * @retval int
  68:Core/Src/main.c ****   */
  69:Core/Src/main.c **** int main(void)
  70:Core/Src/main.c **** {
  71:Core/Src/main.c **** 
  72:Core/Src/main.c ****   /* USER CODE BEGIN 1 */
  73:Core/Src/main.c **** 
  74:Core/Src/main.c ****   /* USER CODE END 1 */
  75:Core/Src/main.c **** 
  76:Core/Src/main.c ****   /* MCU Configuration--------------------------------------------------------*/
  77:Core/Src/main.c **** 
  78:Core/Src/main.c ****   /* Reset of all peripherals, Initializes the Flash interface and the Systick. */
  79:Core/Src/main.c ****   HAL_Init();
  80:Core/Src/main.c **** 
  81:Core/Src/main.c ****   /* USER CODE BEGIN Init */
  82:Core/Src/main.c **** 
  83:Core/Src/main.c ****   /* USER CODE END Init */
  84:Core/Src/main.c **** 
  85:Core/Src/main.c ****   /* Configure the system clock */
  86:Core/Src/main.c ****   SystemClock_Config();
  87:Core/Src/main.c **** 
  88:Core/Src/main.c ****   /* USER CODE BEGIN SysInit */
  89:Core/Src/main.c **** 
ARM GAS  /tmp/ccqLYw8i.s 			page 3


  90:Core/Src/main.c ****   /* USER CODE END SysInit */
  91:Core/Src/main.c **** 
  92:Core/Src/main.c ****   /* Initialize all configured peripherals */
  93:Core/Src/main.c ****   MX_GPIO_Init();
  94:Core/Src/main.c ****   MX_CAN_Init();
  95:Core/Src/main.c ****   MX_USART1_UART_Init();
  96:Core/Src/main.c ****   MX_SPI1_Init();
  97:Core/Src/main.c ****   MX_FATFS_Init();
  98:Core/Src/main.c ****   MX_TIM1_Init();
  99:Core/Src/main.c ****   /* USER CODE BEGIN 2 */
 100:Core/Src/main.c ****   Cu_main();
 101:Core/Src/main.c ****   /* USER CODE END 2 */
 102:Core/Src/main.c **** 
 103:Core/Src/main.c ****   /* Infinite loop */
 104:Core/Src/main.c ****   /* USER CODE BEGIN WHILE */
 105:Core/Src/main.c ****   while (1)
 106:Core/Src/main.c ****   {
 107:Core/Src/main.c ****     /* USER CODE END WHILE */
 108:Core/Src/main.c **** 
 109:Core/Src/main.c ****     /* USER CODE BEGIN 3 */
 110:Core/Src/main.c ****   }
 111:Core/Src/main.c ****   /* USER CODE END 3 */
 112:Core/Src/main.c **** }
 113:Core/Src/main.c **** 
 114:Core/Src/main.c **** /**
 115:Core/Src/main.c ****   * @brief System Clock Configuration
 116:Core/Src/main.c ****   * @retval None
 117:Core/Src/main.c ****   */
 118:Core/Src/main.c **** void SystemClock_Config(void)
 119:Core/Src/main.c **** {
 120:Core/Src/main.c ****   RCC_OscInitTypeDef RCC_OscInitStruct = {0};
 121:Core/Src/main.c ****   RCC_ClkInitTypeDef RCC_ClkInitStruct = {0};
 122:Core/Src/main.c **** 
 123:Core/Src/main.c ****   /** Initializes the RCC Oscillators according to the specified parameters
 124:Core/Src/main.c ****   * in the RCC_OscInitTypeDef structure.
 125:Core/Src/main.c ****   */
 126:Core/Src/main.c ****   RCC_OscInitStruct.OscillatorType = RCC_OSCILLATORTYPE_HSE;
 127:Core/Src/main.c ****   RCC_OscInitStruct.HSEState = RCC_HSE_ON;
 128:Core/Src/main.c ****   RCC_OscInitStruct.PLL.PLLState = RCC_PLL_NONE;
 129:Core/Src/main.c ****   if (HAL_RCC_OscConfig(&RCC_OscInitStruct) != HAL_OK)
 130:Core/Src/main.c ****   {
 131:Core/Src/main.c ****     Error_Handler();
 132:Core/Src/main.c ****   }
 133:Core/Src/main.c **** 
 134:Core/Src/main.c ****   /** Initializes the CPU, AHB and APB buses clocks
 135:Core/Src/main.c ****   */
 136:Core/Src/main.c ****   RCC_ClkInitStruct.ClockType = RCC_CLOCKTYPE_HCLK|RCC_CLOCKTYPE_SYSCLK
 137:Core/Src/main.c ****                               |RCC_CLOCKTYPE_PCLK1|RCC_CLOCKTYPE_PCLK2;
 138:Core/Src/main.c ****   RCC_ClkInitStruct.SYSCLKSource = RCC_SYSCLKSOURCE_HSE;
 139:Core/Src/main.c ****   RCC_ClkInitStruct.AHBCLKDivider = RCC_SYSCLK_DIV1;
 140:Core/Src/main.c ****   RCC_ClkInitStruct.APB1CLKDivider = RCC_HCLK_DIV1;
 141:Core/Src/main.c ****   RCC_ClkInitStruct.APB2CLKDivider = RCC_HCLK_DIV1;
 142:Core/Src/main.c **** 
 143:Core/Src/main.c ****   if (HAL_RCC_ClockConfig(&RCC_ClkInitStruct, FLASH_LATENCY_0) != HAL_OK)
 144:Core/Src/main.c ****   {
 145:Core/Src/main.c ****     Error_Handler();
 146:Core/Src/main.c ****   }
ARM GAS  /tmp/ccqLYw8i.s 			page 4


 147:Core/Src/main.c **** }
 148:Core/Src/main.c **** 
 149:Core/Src/main.c **** /* USER CODE BEGIN 4 */
 150:Core/Src/main.c **** 
 151:Core/Src/main.c **** /* USER CODE END 4 */
 152:Core/Src/main.c **** 
 153:Core/Src/main.c **** /**
 154:Core/Src/main.c ****   * @brief  This function is executed in case of error occurrence.
 155:Core/Src/main.c ****   * @retval None
 156:Core/Src/main.c ****   */
 157:Core/Src/main.c **** void Error_Handler(void)
 158:Core/Src/main.c **** {
  27              		.loc 1 158 1 view -0
  28              		.cfi_startproc
  29              		@ Volatile: function does not return.
  30              		@ args = 0, pretend = 0, frame = 0
  31              		@ frame_needed = 0, uses_anonymous_args = 0
  32              		@ link register save eliminated.
 159:Core/Src/main.c ****   /* USER CODE BEGIN Error_Handler_Debug */
 160:Core/Src/main.c ****   /* User can add his own implementation to report the HAL error return state */
 161:Core/Src/main.c ****   __disable_irq();
  33              		.loc 1 161 3 view .LVU1
  34              	.LBB4:
  35              	.LBI4:
  36              		.file 2 "Drivers/CMSIS/Include/cmsis_gcc.h"
   1:Drivers/CMSIS/Include/cmsis_gcc.h **** /**************************************************************************//**
   2:Drivers/CMSIS/Include/cmsis_gcc.h ****  * @file     cmsis_gcc.h
   3:Drivers/CMSIS/Include/cmsis_gcc.h ****  * @brief    CMSIS compiler GCC header file
   4:Drivers/CMSIS/Include/cmsis_gcc.h ****  * @version  V5.0.4
   5:Drivers/CMSIS/Include/cmsis_gcc.h ****  * @date     09. April 2018
   6:Drivers/CMSIS/Include/cmsis_gcc.h ****  ******************************************************************************/
   7:Drivers/CMSIS/Include/cmsis_gcc.h **** /*
   8:Drivers/CMSIS/Include/cmsis_gcc.h ****  * Copyright (c) 2009-2018 Arm Limited. All rights reserved.
   9:Drivers/CMSIS/Include/cmsis_gcc.h ****  *
  10:Drivers/CMSIS/Include/cmsis_gcc.h ****  * SPDX-License-Identifier: Apache-2.0
  11:Drivers/CMSIS/Include/cmsis_gcc.h ****  *
  12:Drivers/CMSIS/Include/cmsis_gcc.h ****  * Licensed under the Apache License, Version 2.0 (the License); you may
  13:Drivers/CMSIS/Include/cmsis_gcc.h ****  * not use this file except in compliance with the License.
  14:Drivers/CMSIS/Include/cmsis_gcc.h ****  * You may obtain a copy of the License at
  15:Drivers/CMSIS/Include/cmsis_gcc.h ****  *
  16:Drivers/CMSIS/Include/cmsis_gcc.h ****  * www.apache.org/licenses/LICENSE-2.0
  17:Drivers/CMSIS/Include/cmsis_gcc.h ****  *
  18:Drivers/CMSIS/Include/cmsis_gcc.h ****  * Unless required by applicable law or agreed to in writing, software
  19:Drivers/CMSIS/Include/cmsis_gcc.h ****  * distributed under the License is distributed on an AS IS BASIS, WITHOUT
  20:Drivers/CMSIS/Include/cmsis_gcc.h ****  * WARRANTIES OR CONDITIONS OF ANY KIND, either express or implied.
  21:Drivers/CMSIS/Include/cmsis_gcc.h ****  * See the License for the specific language governing permissions and
  22:Drivers/CMSIS/Include/cmsis_gcc.h ****  * limitations under the License.
  23:Drivers/CMSIS/Include/cmsis_gcc.h ****  */
  24:Drivers/CMSIS/Include/cmsis_gcc.h **** 
  25:Drivers/CMSIS/Include/cmsis_gcc.h **** #ifndef __CMSIS_GCC_H
  26:Drivers/CMSIS/Include/cmsis_gcc.h **** #define __CMSIS_GCC_H
  27:Drivers/CMSIS/Include/cmsis_gcc.h **** 
  28:Drivers/CMSIS/Include/cmsis_gcc.h **** /* ignore some GCC warnings */
  29:Drivers/CMSIS/Include/cmsis_gcc.h **** #pragma GCC diagnostic push
  30:Drivers/CMSIS/Include/cmsis_gcc.h **** #pragma GCC diagnostic ignored "-Wsign-conversion"
  31:Drivers/CMSIS/Include/cmsis_gcc.h **** #pragma GCC diagnostic ignored "-Wconversion"
  32:Drivers/CMSIS/Include/cmsis_gcc.h **** #pragma GCC diagnostic ignored "-Wunused-parameter"
ARM GAS  /tmp/ccqLYw8i.s 			page 5


  33:Drivers/CMSIS/Include/cmsis_gcc.h **** 
  34:Drivers/CMSIS/Include/cmsis_gcc.h **** /* Fallback for __has_builtin */
  35:Drivers/CMSIS/Include/cmsis_gcc.h **** #ifndef __has_builtin
  36:Drivers/CMSIS/Include/cmsis_gcc.h ****   #define __has_builtin(x) (0)
  37:Drivers/CMSIS/Include/cmsis_gcc.h **** #endif
  38:Drivers/CMSIS/Include/cmsis_gcc.h **** 
  39:Drivers/CMSIS/Include/cmsis_gcc.h **** /* CMSIS compiler specific defines */
  40:Drivers/CMSIS/Include/cmsis_gcc.h **** #ifndef   __ASM
  41:Drivers/CMSIS/Include/cmsis_gcc.h ****   #define __ASM                                  __asm
  42:Drivers/CMSIS/Include/cmsis_gcc.h **** #endif
  43:Drivers/CMSIS/Include/cmsis_gcc.h **** #ifndef   __INLINE
  44:Drivers/CMSIS/Include/cmsis_gcc.h ****   #define __INLINE                               inline
  45:Drivers/CMSIS/Include/cmsis_gcc.h **** #endif
  46:Drivers/CMSIS/Include/cmsis_gcc.h **** #ifndef   __STATIC_INLINE
  47:Drivers/CMSIS/Include/cmsis_gcc.h ****   #define __STATIC_INLINE                        static inline
  48:Drivers/CMSIS/Include/cmsis_gcc.h **** #endif
  49:Drivers/CMSIS/Include/cmsis_gcc.h **** #ifndef   __STATIC_FORCEINLINE                 
  50:Drivers/CMSIS/Include/cmsis_gcc.h ****   #define __STATIC_FORCEINLINE                   __attribute__((always_inline)) static inline
  51:Drivers/CMSIS/Include/cmsis_gcc.h **** #endif                                           
  52:Drivers/CMSIS/Include/cmsis_gcc.h **** #ifndef   __NO_RETURN
  53:Drivers/CMSIS/Include/cmsis_gcc.h ****   #define __NO_RETURN                            __attribute__((__noreturn__))
  54:Drivers/CMSIS/Include/cmsis_gcc.h **** #endif
  55:Drivers/CMSIS/Include/cmsis_gcc.h **** #ifndef   __USED
  56:Drivers/CMSIS/Include/cmsis_gcc.h ****   #define __USED                                 __attribute__((used))
  57:Drivers/CMSIS/Include/cmsis_gcc.h **** #endif
  58:Drivers/CMSIS/Include/cmsis_gcc.h **** #ifndef   __WEAK
  59:Drivers/CMSIS/Include/cmsis_gcc.h ****   #define __WEAK                                 __attribute__((weak))
  60:Drivers/CMSIS/Include/cmsis_gcc.h **** #endif
  61:Drivers/CMSIS/Include/cmsis_gcc.h **** #ifndef   __PACKED
  62:Drivers/CMSIS/Include/cmsis_gcc.h ****   #define __PACKED                               __attribute__((packed, aligned(1)))
  63:Drivers/CMSIS/Include/cmsis_gcc.h **** #endif
  64:Drivers/CMSIS/Include/cmsis_gcc.h **** #ifndef   __PACKED_STRUCT
  65:Drivers/CMSIS/Include/cmsis_gcc.h ****   #define __PACKED_STRUCT                        struct __attribute__((packed, aligned(1)))
  66:Drivers/CMSIS/Include/cmsis_gcc.h **** #endif
  67:Drivers/CMSIS/Include/cmsis_gcc.h **** #ifndef   __PACKED_UNION
  68:Drivers/CMSIS/Include/cmsis_gcc.h ****   #define __PACKED_UNION                         union __attribute__((packed, aligned(1)))
  69:Drivers/CMSIS/Include/cmsis_gcc.h **** #endif
  70:Drivers/CMSIS/Include/cmsis_gcc.h **** #ifndef   __UNALIGNED_UINT32        /* deprecated */
  71:Drivers/CMSIS/Include/cmsis_gcc.h ****   #pragma GCC diagnostic push
  72:Drivers/CMSIS/Include/cmsis_gcc.h ****   #pragma GCC diagnostic ignored "-Wpacked"
  73:Drivers/CMSIS/Include/cmsis_gcc.h ****   #pragma GCC diagnostic ignored "-Wattributes"
  74:Drivers/CMSIS/Include/cmsis_gcc.h ****   struct __attribute__((packed)) T_UINT32 { uint32_t v; };
  75:Drivers/CMSIS/Include/cmsis_gcc.h ****   #pragma GCC diagnostic pop
  76:Drivers/CMSIS/Include/cmsis_gcc.h ****   #define __UNALIGNED_UINT32(x)                  (((struct T_UINT32 *)(x))->v)
  77:Drivers/CMSIS/Include/cmsis_gcc.h **** #endif
  78:Drivers/CMSIS/Include/cmsis_gcc.h **** #ifndef   __UNALIGNED_UINT16_WRITE
  79:Drivers/CMSIS/Include/cmsis_gcc.h ****   #pragma GCC diagnostic push
  80:Drivers/CMSIS/Include/cmsis_gcc.h ****   #pragma GCC diagnostic ignored "-Wpacked"
  81:Drivers/CMSIS/Include/cmsis_gcc.h ****   #pragma GCC diagnostic ignored "-Wattributes"
  82:Drivers/CMSIS/Include/cmsis_gcc.h ****   __PACKED_STRUCT T_UINT16_WRITE { uint16_t v; };
  83:Drivers/CMSIS/Include/cmsis_gcc.h ****   #pragma GCC diagnostic pop
  84:Drivers/CMSIS/Include/cmsis_gcc.h ****   #define __UNALIGNED_UINT16_WRITE(addr, val)    (void)((((struct T_UINT16_WRITE *)(void *)(addr))-
  85:Drivers/CMSIS/Include/cmsis_gcc.h **** #endif
  86:Drivers/CMSIS/Include/cmsis_gcc.h **** #ifndef   __UNALIGNED_UINT16_READ
  87:Drivers/CMSIS/Include/cmsis_gcc.h ****   #pragma GCC diagnostic push
  88:Drivers/CMSIS/Include/cmsis_gcc.h ****   #pragma GCC diagnostic ignored "-Wpacked"
  89:Drivers/CMSIS/Include/cmsis_gcc.h ****   #pragma GCC diagnostic ignored "-Wattributes"
ARM GAS  /tmp/ccqLYw8i.s 			page 6


  90:Drivers/CMSIS/Include/cmsis_gcc.h ****   __PACKED_STRUCT T_UINT16_READ { uint16_t v; };
  91:Drivers/CMSIS/Include/cmsis_gcc.h ****   #pragma GCC diagnostic pop
  92:Drivers/CMSIS/Include/cmsis_gcc.h ****   #define __UNALIGNED_UINT16_READ(addr)          (((const struct T_UINT16_READ *)(const void *)(add
  93:Drivers/CMSIS/Include/cmsis_gcc.h **** #endif
  94:Drivers/CMSIS/Include/cmsis_gcc.h **** #ifndef   __UNALIGNED_UINT32_WRITE
  95:Drivers/CMSIS/Include/cmsis_gcc.h ****   #pragma GCC diagnostic push
  96:Drivers/CMSIS/Include/cmsis_gcc.h ****   #pragma GCC diagnostic ignored "-Wpacked"
  97:Drivers/CMSIS/Include/cmsis_gcc.h ****   #pragma GCC diagnostic ignored "-Wattributes"
  98:Drivers/CMSIS/Include/cmsis_gcc.h ****   __PACKED_STRUCT T_UINT32_WRITE { uint32_t v; };
  99:Drivers/CMSIS/Include/cmsis_gcc.h ****   #pragma GCC diagnostic pop
 100:Drivers/CMSIS/Include/cmsis_gcc.h ****   #define __UNALIGNED_UINT32_WRITE(addr, val)    (void)((((struct T_UINT32_WRITE *)(void *)(addr))-
 101:Drivers/CMSIS/Include/cmsis_gcc.h **** #endif
 102:Drivers/CMSIS/Include/cmsis_gcc.h **** #ifndef   __UNALIGNED_UINT32_READ
 103:Drivers/CMSIS/Include/cmsis_gcc.h ****   #pragma GCC diagnostic push
 104:Drivers/CMSIS/Include/cmsis_gcc.h ****   #pragma GCC diagnostic ignored "-Wpacked"
 105:Drivers/CMSIS/Include/cmsis_gcc.h ****   #pragma GCC diagnostic ignored "-Wattributes"
 106:Drivers/CMSIS/Include/cmsis_gcc.h ****   __PACKED_STRUCT T_UINT32_READ { uint32_t v; };
 107:Drivers/CMSIS/Include/cmsis_gcc.h ****   #pragma GCC diagnostic pop
 108:Drivers/CMSIS/Include/cmsis_gcc.h ****   #define __UNALIGNED_UINT32_READ(addr)          (((const struct T_UINT32_READ *)(const void *)(add
 109:Drivers/CMSIS/Include/cmsis_gcc.h **** #endif
 110:Drivers/CMSIS/Include/cmsis_gcc.h **** #ifndef   __ALIGNED
 111:Drivers/CMSIS/Include/cmsis_gcc.h ****   #define __ALIGNED(x)                           __attribute__((aligned(x)))
 112:Drivers/CMSIS/Include/cmsis_gcc.h **** #endif
 113:Drivers/CMSIS/Include/cmsis_gcc.h **** #ifndef   __RESTRICT
 114:Drivers/CMSIS/Include/cmsis_gcc.h ****   #define __RESTRICT                             __restrict
 115:Drivers/CMSIS/Include/cmsis_gcc.h **** #endif
 116:Drivers/CMSIS/Include/cmsis_gcc.h **** 
 117:Drivers/CMSIS/Include/cmsis_gcc.h **** 
 118:Drivers/CMSIS/Include/cmsis_gcc.h **** /* ###########################  Core Function Access  ########################### */
 119:Drivers/CMSIS/Include/cmsis_gcc.h **** /** \ingroup  CMSIS_Core_FunctionInterface
 120:Drivers/CMSIS/Include/cmsis_gcc.h ****     \defgroup CMSIS_Core_RegAccFunctions CMSIS Core Register Access Functions
 121:Drivers/CMSIS/Include/cmsis_gcc.h ****   @{
 122:Drivers/CMSIS/Include/cmsis_gcc.h ****  */
 123:Drivers/CMSIS/Include/cmsis_gcc.h **** 
 124:Drivers/CMSIS/Include/cmsis_gcc.h **** /**
 125:Drivers/CMSIS/Include/cmsis_gcc.h ****   \brief   Enable IRQ Interrupts
 126:Drivers/CMSIS/Include/cmsis_gcc.h ****   \details Enables IRQ interrupts by clearing the I-bit in the CPSR.
 127:Drivers/CMSIS/Include/cmsis_gcc.h ****            Can only be executed in Privileged modes.
 128:Drivers/CMSIS/Include/cmsis_gcc.h ****  */
 129:Drivers/CMSIS/Include/cmsis_gcc.h **** __STATIC_FORCEINLINE void __enable_irq(void)
 130:Drivers/CMSIS/Include/cmsis_gcc.h **** {
 131:Drivers/CMSIS/Include/cmsis_gcc.h ****   __ASM volatile ("cpsie i" : : : "memory");
 132:Drivers/CMSIS/Include/cmsis_gcc.h **** }
 133:Drivers/CMSIS/Include/cmsis_gcc.h **** 
 134:Drivers/CMSIS/Include/cmsis_gcc.h **** 
 135:Drivers/CMSIS/Include/cmsis_gcc.h **** /**
 136:Drivers/CMSIS/Include/cmsis_gcc.h ****   \brief   Disable IRQ Interrupts
 137:Drivers/CMSIS/Include/cmsis_gcc.h ****   \details Disables IRQ interrupts by setting the I-bit in the CPSR.
 138:Drivers/CMSIS/Include/cmsis_gcc.h ****            Can only be executed in Privileged modes.
 139:Drivers/CMSIS/Include/cmsis_gcc.h ****  */
 140:Drivers/CMSIS/Include/cmsis_gcc.h **** __STATIC_FORCEINLINE void __disable_irq(void)
  37              		.loc 2 140 27 view .LVU2
  38              	.LBB5:
 141:Drivers/CMSIS/Include/cmsis_gcc.h **** {
 142:Drivers/CMSIS/Include/cmsis_gcc.h ****   __ASM volatile ("cpsid i" : : : "memory");
  39              		.loc 2 142 3 view .LVU3
  40              		.syntax unified
ARM GAS  /tmp/ccqLYw8i.s 			page 7


  41              	@ 142 "Drivers/CMSIS/Include/cmsis_gcc.h" 1
  42 0000 72B6     		cpsid i
  43              	@ 0 "" 2
  44              		.thumb
  45              		.syntax unified
  46              	.L2:
  47              	.LBE5:
  48              	.LBE4:
 162:Core/Src/main.c ****   while (1)
  49              		.loc 1 162 3 view .LVU4
 163:Core/Src/main.c ****   {
 164:Core/Src/main.c ****   }
  50              		.loc 1 164 3 view .LVU5
 162:Core/Src/main.c ****   while (1)
  51              		.loc 1 162 9 view .LVU6
  52 0002 FEE7     		b	.L2
  53              		.cfi_endproc
  54              	.LFE67:
  56              		.section	.text.SystemClock_Config,"ax",%progbits
  57              		.align	1
  58              		.global	SystemClock_Config
  59              		.syntax unified
  60              		.thumb
  61              		.thumb_func
  63              	SystemClock_Config:
  64              	.LFB66:
 119:Core/Src/main.c ****   RCC_OscInitTypeDef RCC_OscInitStruct = {0};
  65              		.loc 1 119 1 view -0
  66              		.cfi_startproc
  67              		@ args = 0, pretend = 0, frame = 64
  68              		@ frame_needed = 0, uses_anonymous_args = 0
  69 0000 10B5     		push	{r4, lr}
  70              	.LCFI0:
  71              		.cfi_def_cfa_offset 8
  72              		.cfi_offset 4, -8
  73              		.cfi_offset 14, -4
  74 0002 90B0     		sub	sp, sp, #64
  75              	.LCFI1:
  76              		.cfi_def_cfa_offset 72
 120:Core/Src/main.c ****   RCC_ClkInitTypeDef RCC_ClkInitStruct = {0};
  77              		.loc 1 120 3 view .LVU8
 120:Core/Src/main.c ****   RCC_ClkInitTypeDef RCC_ClkInitStruct = {0};
  78              		.loc 1 120 22 is_stmt 0 view .LVU9
  79 0004 06AC     		add	r4, sp, #24
  80 0006 2822     		movs	r2, #40
  81 0008 0021     		movs	r1, #0
  82 000a 2046     		mov	r0, r4
  83 000c FFF7FEFF 		bl	memset
  84              	.LVL0:
 121:Core/Src/main.c **** 
  85              		.loc 1 121 3 is_stmt 1 view .LVU10
 121:Core/Src/main.c **** 
  86              		.loc 1 121 22 is_stmt 0 view .LVU11
  87 0010 0023     		movs	r3, #0
  88 0012 0193     		str	r3, [sp, #4]
  89 0014 0293     		str	r3, [sp, #8]
  90 0016 0393     		str	r3, [sp, #12]
ARM GAS  /tmp/ccqLYw8i.s 			page 8


  91 0018 0493     		str	r3, [sp, #16]
  92 001a 0593     		str	r3, [sp, #20]
 126:Core/Src/main.c ****   RCC_OscInitStruct.HSEState = RCC_HSE_ON;
  93              		.loc 1 126 3 is_stmt 1 view .LVU12
 126:Core/Src/main.c ****   RCC_OscInitStruct.HSEState = RCC_HSE_ON;
  94              		.loc 1 126 36 is_stmt 0 view .LVU13
  95 001c 0123     		movs	r3, #1
  96 001e 0693     		str	r3, [sp, #24]
 127:Core/Src/main.c ****   RCC_OscInitStruct.PLL.PLLState = RCC_PLL_NONE;
  97              		.loc 1 127 3 is_stmt 1 view .LVU14
 127:Core/Src/main.c ****   RCC_OscInitStruct.PLL.PLLState = RCC_PLL_NONE;
  98              		.loc 1 127 30 is_stmt 0 view .LVU15
  99 0020 4FF48033 		mov	r3, #65536
 100 0024 0793     		str	r3, [sp, #28]
 128:Core/Src/main.c ****   if (HAL_RCC_OscConfig(&RCC_OscInitStruct) != HAL_OK)
 101              		.loc 1 128 3 is_stmt 1 view .LVU16
 129:Core/Src/main.c ****   {
 102              		.loc 1 129 3 view .LVU17
 129:Core/Src/main.c ****   {
 103              		.loc 1 129 7 is_stmt 0 view .LVU18
 104 0026 2046     		mov	r0, r4
 105 0028 FFF7FEFF 		bl	HAL_RCC_OscConfig
 106              	.LVL1:
 129:Core/Src/main.c ****   {
 107              		.loc 1 129 6 discriminator 1 view .LVU19
 108 002c 68B9     		cbnz	r0, .L7
 136:Core/Src/main.c ****                               |RCC_CLOCKTYPE_PCLK1|RCC_CLOCKTYPE_PCLK2;
 109              		.loc 1 136 3 is_stmt 1 view .LVU20
 136:Core/Src/main.c ****                               |RCC_CLOCKTYPE_PCLK1|RCC_CLOCKTYPE_PCLK2;
 110              		.loc 1 136 31 is_stmt 0 view .LVU21
 111 002e 0F23     		movs	r3, #15
 112 0030 0193     		str	r3, [sp, #4]
 138:Core/Src/main.c ****   RCC_ClkInitStruct.AHBCLKDivider = RCC_SYSCLK_DIV1;
 113              		.loc 1 138 3 is_stmt 1 view .LVU22
 138:Core/Src/main.c ****   RCC_ClkInitStruct.AHBCLKDivider = RCC_SYSCLK_DIV1;
 114              		.loc 1 138 34 is_stmt 0 view .LVU23
 115 0032 0123     		movs	r3, #1
 116 0034 0293     		str	r3, [sp, #8]
 139:Core/Src/main.c ****   RCC_ClkInitStruct.APB1CLKDivider = RCC_HCLK_DIV1;
 117              		.loc 1 139 3 is_stmt 1 view .LVU24
 139:Core/Src/main.c ****   RCC_ClkInitStruct.APB1CLKDivider = RCC_HCLK_DIV1;
 118              		.loc 1 139 35 is_stmt 0 view .LVU25
 119 0036 0021     		movs	r1, #0
 120 0038 0391     		str	r1, [sp, #12]
 140:Core/Src/main.c ****   RCC_ClkInitStruct.APB2CLKDivider = RCC_HCLK_DIV1;
 121              		.loc 1 140 3 is_stmt 1 view .LVU26
 140:Core/Src/main.c ****   RCC_ClkInitStruct.APB2CLKDivider = RCC_HCLK_DIV1;
 122              		.loc 1 140 36 is_stmt 0 view .LVU27
 123 003a 0491     		str	r1, [sp, #16]
 141:Core/Src/main.c **** 
 124              		.loc 1 141 3 is_stmt 1 view .LVU28
 141:Core/Src/main.c **** 
 125              		.loc 1 141 36 is_stmt 0 view .LVU29
 126 003c 0591     		str	r1, [sp, #20]
 143:Core/Src/main.c ****   {
 127              		.loc 1 143 3 is_stmt 1 view .LVU30
 143:Core/Src/main.c ****   {
ARM GAS  /tmp/ccqLYw8i.s 			page 9


 128              		.loc 1 143 7 is_stmt 0 view .LVU31
 129 003e 01A8     		add	r0, sp, #4
 130 0040 FFF7FEFF 		bl	HAL_RCC_ClockConfig
 131              	.LVL2:
 143:Core/Src/main.c ****   {
 132              		.loc 1 143 6 discriminator 1 view .LVU32
 133 0044 18B9     		cbnz	r0, .L8
 147:Core/Src/main.c **** 
 134              		.loc 1 147 1 view .LVU33
 135 0046 10B0     		add	sp, sp, #64
 136              	.LCFI2:
 137              		.cfi_remember_state
 138              		.cfi_def_cfa_offset 8
 139              		@ sp needed
 140 0048 10BD     		pop	{r4, pc}
 141              	.L7:
 142              	.LCFI3:
 143              		.cfi_restore_state
 131:Core/Src/main.c ****   }
 144              		.loc 1 131 5 is_stmt 1 view .LVU34
 145 004a FFF7FEFF 		bl	Error_Handler
 146              	.LVL3:
 147              	.L8:
 145:Core/Src/main.c ****   }
 148              		.loc 1 145 5 view .LVU35
 149 004e FFF7FEFF 		bl	Error_Handler
 150              	.LVL4:
 151              		.cfi_endproc
 152              	.LFE66:
 154              		.section	.text.main,"ax",%progbits
 155              		.align	1
 156              		.global	main
 157              		.syntax unified
 158              		.thumb
 159              		.thumb_func
 161              	main:
 162              	.LFB65:
  70:Core/Src/main.c **** 
 163              		.loc 1 70 1 view -0
 164              		.cfi_startproc
 165              		@ Volatile: function does not return.
 166              		@ args = 0, pretend = 0, frame = 0
 167              		@ frame_needed = 0, uses_anonymous_args = 0
 168 0000 08B5     		push	{r3, lr}
 169              	.LCFI4:
 170              		.cfi_def_cfa_offset 8
 171              		.cfi_offset 3, -8
 172              		.cfi_offset 14, -4
  79:Core/Src/main.c **** 
 173              		.loc 1 79 3 view .LVU37
 174 0002 FFF7FEFF 		bl	HAL_Init
 175              	.LVL5:
  86:Core/Src/main.c **** 
 176              		.loc 1 86 3 view .LVU38
 177 0006 FFF7FEFF 		bl	SystemClock_Config
 178              	.LVL6:
  93:Core/Src/main.c ****   MX_CAN_Init();
ARM GAS  /tmp/ccqLYw8i.s 			page 10


 179              		.loc 1 93 3 view .LVU39
 180 000a FFF7FEFF 		bl	MX_GPIO_Init
 181              	.LVL7:
  94:Core/Src/main.c ****   MX_USART1_UART_Init();
 182              		.loc 1 94 3 view .LVU40
 183 000e FFF7FEFF 		bl	MX_CAN_Init
 184              	.LVL8:
  95:Core/Src/main.c ****   MX_SPI1_Init();
 185              		.loc 1 95 3 view .LVU41
 186 0012 FFF7FEFF 		bl	MX_USART1_UART_Init
 187              	.LVL9:
  96:Core/Src/main.c ****   MX_FATFS_Init();
 188              		.loc 1 96 3 view .LVU42
 189 0016 FFF7FEFF 		bl	MX_SPI1_Init
 190              	.LVL10:
  97:Core/Src/main.c ****   MX_TIM1_Init();
 191              		.loc 1 97 3 view .LVU43
 192 001a FFF7FEFF 		bl	MX_FATFS_Init
 193              	.LVL11:
  98:Core/Src/main.c ****   /* USER CODE BEGIN 2 */
 194              		.loc 1 98 3 view .LVU44
 195 001e FFF7FEFF 		bl	MX_TIM1_Init
 196              	.LVL12:
 100:Core/Src/main.c ****   /* USER CODE END 2 */
 197              		.loc 1 100 3 view .LVU45
 198 0022 FFF7FEFF 		bl	Cu_main
 199              	.LVL13:
 200              	.L10:
 105:Core/Src/main.c ****   {
 201              		.loc 1 105 3 view .LVU46
 110:Core/Src/main.c ****   /* USER CODE END 3 */
 202              		.loc 1 110 3 view .LVU47
 105:Core/Src/main.c ****   {
 203              		.loc 1 105 9 view .LVU48
 204 0026 FEE7     		b	.L10
 205              		.cfi_endproc
 206              	.LFE65:
 208              		.text
 209              	.Letext0:
 210              		.file 3 "/opt/gcc-arm/arm-none-eabi/include/machine/_default_types.h"
 211              		.file 4 "/opt/gcc-arm/arm-none-eabi/include/sys/_stdint.h"
 212              		.file 5 "Drivers/STM32F1xx_HAL_Driver/Inc/stm32f1xx_hal_def.h"
 213              		.file 6 "Drivers/STM32F1xx_HAL_Driver/Inc/stm32f1xx_hal_rcc.h"
 214              		.file 7 "Drivers/STM32F1xx_HAL_Driver/Inc/stm32f1xx_hal_rcc_ex.h"
 215              		.file 8 "Core/Inc/tim.h"
 216              		.file 9 "FATFS/App/fatfs.h"
 217              		.file 10 "Core/Inc/spi.h"
 218              		.file 11 "Core/Inc/usart.h"
 219              		.file 12 "Core/Inc/can.h"
 220              		.file 13 "Core/Inc/gpio.h"
 221              		.file 14 "Cu_main/Cu_main.h"
 222              		.file 15 "Drivers/STM32F1xx_HAL_Driver/Inc/stm32f1xx_hal.h"
 223              		.file 16 "<built-in>"
ARM GAS  /tmp/ccqLYw8i.s 			page 11


DEFINED SYMBOLS
                            *ABS*:00000000 main.c
     /tmp/ccqLYw8i.s:19     .text.Error_Handler:00000000 $t
     /tmp/ccqLYw8i.s:25     .text.Error_Handler:00000000 Error_Handler
     /tmp/ccqLYw8i.s:57     .text.SystemClock_Config:00000000 $t
     /tmp/ccqLYw8i.s:63     .text.SystemClock_Config:00000000 SystemClock_Config
     /tmp/ccqLYw8i.s:155    .text.main:00000000 $t
     /tmp/ccqLYw8i.s:161    .text.main:00000000 main

UNDEFINED SYMBOLS
memset
HAL_RCC_OscConfig
HAL_RCC_ClockConfig
HAL_Init
MX_GPIO_Init
MX_CAN_Init
MX_USART1_UART_Init
MX_SPI1_Init
MX_FATFS_Init
MX_TIM1_Init
Cu_main
