ARM GAS  /tmp/ccnGsJwq.s 			page 1


   1              		.cpu cortex-m3
   2              		.arch armv7-m
   3              		.fpu softvfp
   4              		.eabi_attribute 20, 1
   5              		.eabi_attribute 21, 1
   6              		.eabi_attribute 23, 3
   7              		.eabi_attribute 24, 1
   8              		.eabi_attribute 25, 1
   9              		.eabi_attribute 26, 1
  10              		.eabi_attribute 30, 1
  11              		.eabi_attribute 34, 1
  12              		.eabi_attribute 18, 4
  13              		.file	"tim.c"
  14              		.text
  15              	.Ltext0:
  16              		.cfi_sections	.debug_frame
  17              		.file 1 "Core/Src/tim.c"
  18              		.section	.text.MX_TIM1_Init,"ax",%progbits
  19              		.align	1
  20              		.global	MX_TIM1_Init
  21              		.syntax unified
  22              		.thumb
  23              		.thumb_func
  25              	MX_TIM1_Init:
  26              	.LFB65:
   1:Core/Src/tim.c **** /* USER CODE BEGIN Header */
   2:Core/Src/tim.c **** /**
   3:Core/Src/tim.c ****   ******************************************************************************
   4:Core/Src/tim.c ****   * @file    tim.c
   5:Core/Src/tim.c ****   * @brief   This file provides code for the configuration
   6:Core/Src/tim.c ****   *          of the TIM instances.
   7:Core/Src/tim.c ****   ******************************************************************************
   8:Core/Src/tim.c ****   * @attention
   9:Core/Src/tim.c ****   *
  10:Core/Src/tim.c ****   * Copyright (c) 2025 STMicroelectronics.
  11:Core/Src/tim.c ****   * All rights reserved.
  12:Core/Src/tim.c ****   *
  13:Core/Src/tim.c ****   * This software is licensed under terms that can be found in the LICENSE file
  14:Core/Src/tim.c ****   * in the root directory of this software component.
  15:Core/Src/tim.c ****   * If no LICENSE file comes with this software, it is provided AS-IS.
  16:Core/Src/tim.c ****   *
  17:Core/Src/tim.c ****   ******************************************************************************
  18:Core/Src/tim.c ****   */
  19:Core/Src/tim.c **** /* USER CODE END Header */
  20:Core/Src/tim.c **** /* Includes ------------------------------------------------------------------*/
  21:Core/Src/tim.c **** #include "tim.h"
  22:Core/Src/tim.c **** 
  23:Core/Src/tim.c **** /* USER CODE BEGIN 0 */
  24:Core/Src/tim.c **** 
  25:Core/Src/tim.c **** /* USER CODE END 0 */
  26:Core/Src/tim.c **** 
  27:Core/Src/tim.c **** TIM_HandleTypeDef htim1;
  28:Core/Src/tim.c **** 
  29:Core/Src/tim.c **** /* TIM1 init function */
  30:Core/Src/tim.c **** void MX_TIM1_Init(void)
  31:Core/Src/tim.c **** {
  27              		.loc 1 31 1 view -0
ARM GAS  /tmp/ccnGsJwq.s 			page 2


  28              		.cfi_startproc
  29              		@ args = 0, pretend = 0, frame = 24
  30              		@ frame_needed = 0, uses_anonymous_args = 0
  31 0000 00B5     		push	{lr}
  32              	.LCFI0:
  33              		.cfi_def_cfa_offset 4
  34              		.cfi_offset 14, -4
  35 0002 87B0     		sub	sp, sp, #28
  36              	.LCFI1:
  37              		.cfi_def_cfa_offset 32
  32:Core/Src/tim.c **** 
  33:Core/Src/tim.c ****   /* USER CODE BEGIN TIM1_Init 0 */
  34:Core/Src/tim.c **** 
  35:Core/Src/tim.c ****   /* USER CODE END TIM1_Init 0 */
  36:Core/Src/tim.c **** 
  37:Core/Src/tim.c ****   TIM_ClockConfigTypeDef sClockSourceConfig = {0};
  38              		.loc 1 37 3 view .LVU1
  39              		.loc 1 37 26 is_stmt 0 view .LVU2
  40 0004 0023     		movs	r3, #0
  41 0006 0293     		str	r3, [sp, #8]
  42 0008 0393     		str	r3, [sp, #12]
  43 000a 0493     		str	r3, [sp, #16]
  44 000c 0593     		str	r3, [sp, #20]
  38:Core/Src/tim.c ****   TIM_MasterConfigTypeDef sMasterConfig = {0};
  45              		.loc 1 38 3 is_stmt 1 view .LVU3
  46              		.loc 1 38 27 is_stmt 0 view .LVU4
  47 000e 0093     		str	r3, [sp]
  48 0010 0193     		str	r3, [sp, #4]
  39:Core/Src/tim.c **** 
  40:Core/Src/tim.c ****   /* USER CODE BEGIN TIM1_Init 1 */
  41:Core/Src/tim.c **** 
  42:Core/Src/tim.c ****   /* USER CODE END TIM1_Init 1 */
  43:Core/Src/tim.c ****   htim1.Instance = TIM1;
  49              		.loc 1 43 3 is_stmt 1 view .LVU5
  50              		.loc 1 43 18 is_stmt 0 view .LVU6
  51 0012 1648     		ldr	r0, .L9
  52 0014 164A     		ldr	r2, .L9+4
  53 0016 0260     		str	r2, [r0]
  44:Core/Src/tim.c ****   htim1.Init.Prescaler = 799;
  54              		.loc 1 44 3 is_stmt 1 view .LVU7
  55              		.loc 1 44 24 is_stmt 0 view .LVU8
  56 0018 40F21F32 		movw	r2, #799
  57 001c 4260     		str	r2, [r0, #4]
  45:Core/Src/tim.c ****   htim1.Init.CounterMode = TIM_COUNTERMODE_UP;
  58              		.loc 1 45 3 is_stmt 1 view .LVU9
  59              		.loc 1 45 26 is_stmt 0 view .LVU10
  60 001e 8360     		str	r3, [r0, #8]
  46:Core/Src/tim.c ****   htim1.Init.Period = 9999;
  61              		.loc 1 46 3 is_stmt 1 view .LVU11
  62              		.loc 1 46 21 is_stmt 0 view .LVU12
  63 0020 42F20F72 		movw	r2, #9999
  64 0024 C260     		str	r2, [r0, #12]
  47:Core/Src/tim.c ****   htim1.Init.ClockDivision = TIM_CLOCKDIVISION_DIV1;
  65              		.loc 1 47 3 is_stmt 1 view .LVU13
  66              		.loc 1 47 28 is_stmt 0 view .LVU14
  67 0026 0361     		str	r3, [r0, #16]
  48:Core/Src/tim.c ****   htim1.Init.RepetitionCounter = 0;
ARM GAS  /tmp/ccnGsJwq.s 			page 3


  68              		.loc 1 48 3 is_stmt 1 view .LVU15
  69              		.loc 1 48 32 is_stmt 0 view .LVU16
  70 0028 4361     		str	r3, [r0, #20]
  49:Core/Src/tim.c ****   htim1.Init.AutoReloadPreload = TIM_AUTORELOAD_PRELOAD_DISABLE;
  71              		.loc 1 49 3 is_stmt 1 view .LVU17
  72              		.loc 1 49 32 is_stmt 0 view .LVU18
  73 002a 8361     		str	r3, [r0, #24]
  50:Core/Src/tim.c ****   if (HAL_TIM_Base_Init(&htim1) != HAL_OK)
  74              		.loc 1 50 3 is_stmt 1 view .LVU19
  75              		.loc 1 50 7 is_stmt 0 view .LVU20
  76 002c FFF7FEFF 		bl	HAL_TIM_Base_Init
  77              	.LVL0:
  78              		.loc 1 50 6 discriminator 1 view .LVU21
  79 0030 90B9     		cbnz	r0, .L6
  80              	.L2:
  51:Core/Src/tim.c ****   {
  52:Core/Src/tim.c ****     Error_Handler();
  53:Core/Src/tim.c ****   }
  54:Core/Src/tim.c ****   sClockSourceConfig.ClockSource = TIM_CLOCKSOURCE_INTERNAL;
  81              		.loc 1 54 3 is_stmt 1 view .LVU22
  82              		.loc 1 54 34 is_stmt 0 view .LVU23
  83 0032 4FF48053 		mov	r3, #4096
  84 0036 0293     		str	r3, [sp, #8]
  55:Core/Src/tim.c ****   if (HAL_TIM_ConfigClockSource(&htim1, &sClockSourceConfig) != HAL_OK)
  85              		.loc 1 55 3 is_stmt 1 view .LVU24
  86              		.loc 1 55 7 is_stmt 0 view .LVU25
  87 0038 02A9     		add	r1, sp, #8
  88 003a 0C48     		ldr	r0, .L9
  89 003c FFF7FEFF 		bl	HAL_TIM_ConfigClockSource
  90              	.LVL1:
  91              		.loc 1 55 6 discriminator 1 view .LVU26
  92 0040 68B9     		cbnz	r0, .L7
  93              	.L3:
  56:Core/Src/tim.c ****   {
  57:Core/Src/tim.c ****     Error_Handler();
  58:Core/Src/tim.c ****   }
  59:Core/Src/tim.c ****   sMasterConfig.MasterOutputTrigger = TIM_TRGO_RESET;
  94              		.loc 1 59 3 is_stmt 1 view .LVU27
  95              		.loc 1 59 37 is_stmt 0 view .LVU28
  96 0042 0023     		movs	r3, #0
  97 0044 0093     		str	r3, [sp]
  60:Core/Src/tim.c ****   sMasterConfig.MasterSlaveMode = TIM_MASTERSLAVEMODE_DISABLE;
  98              		.loc 1 60 3 is_stmt 1 view .LVU29
  99              		.loc 1 60 33 is_stmt 0 view .LVU30
 100 0046 0193     		str	r3, [sp, #4]
  61:Core/Src/tim.c ****   if (HAL_TIMEx_MasterConfigSynchronization(&htim1, &sMasterConfig) != HAL_OK)
 101              		.loc 1 61 3 is_stmt 1 view .LVU31
 102              		.loc 1 61 7 is_stmt 0 view .LVU32
 103 0048 6946     		mov	r1, sp
 104 004a 0848     		ldr	r0, .L9
 105 004c FFF7FEFF 		bl	HAL_TIMEx_MasterConfigSynchronization
 106              	.LVL2:
 107              		.loc 1 61 6 discriminator 1 view .LVU33
 108 0050 40B9     		cbnz	r0, .L8
 109              	.L1:
  62:Core/Src/tim.c ****   {
  63:Core/Src/tim.c ****     Error_Handler();
ARM GAS  /tmp/ccnGsJwq.s 			page 4


  64:Core/Src/tim.c ****   }
  65:Core/Src/tim.c ****   /* USER CODE BEGIN TIM1_Init 2 */
  66:Core/Src/tim.c **** 
  67:Core/Src/tim.c ****   /* USER CODE END TIM1_Init 2 */
  68:Core/Src/tim.c **** 
  69:Core/Src/tim.c **** }
 110              		.loc 1 69 1 view .LVU34
 111 0052 07B0     		add	sp, sp, #28
 112              	.LCFI2:
 113              		.cfi_remember_state
 114              		.cfi_def_cfa_offset 4
 115              		@ sp needed
 116 0054 5DF804FB 		ldr	pc, [sp], #4
 117              	.L6:
 118              	.LCFI3:
 119              		.cfi_restore_state
  52:Core/Src/tim.c ****   }
 120              		.loc 1 52 5 is_stmt 1 view .LVU35
 121 0058 FFF7FEFF 		bl	Error_Handler
 122              	.LVL3:
 123 005c E9E7     		b	.L2
 124              	.L7:
  57:Core/Src/tim.c ****   }
 125              		.loc 1 57 5 view .LVU36
 126 005e FFF7FEFF 		bl	Error_Handler
 127              	.LVL4:
 128 0062 EEE7     		b	.L3
 129              	.L8:
  63:Core/Src/tim.c ****   }
 130              		.loc 1 63 5 view .LVU37
 131 0064 FFF7FEFF 		bl	Error_Handler
 132              	.LVL5:
 133              		.loc 1 69 1 is_stmt 0 view .LVU38
 134 0068 F3E7     		b	.L1
 135              	.L10:
 136 006a 00BF     		.align	2
 137              	.L9:
 138 006c 00000000 		.word	htim1
 139 0070 002C0140 		.word	1073818624
 140              		.cfi_endproc
 141              	.LFE65:
 143              		.section	.text.HAL_TIM_Base_MspInit,"ax",%progbits
 144              		.align	1
 145              		.global	HAL_TIM_Base_MspInit
 146              		.syntax unified
 147              		.thumb
 148              		.thumb_func
 150              	HAL_TIM_Base_MspInit:
 151              	.LVL6:
 152              	.LFB66:
  70:Core/Src/tim.c **** 
  71:Core/Src/tim.c **** void HAL_TIM_Base_MspInit(TIM_HandleTypeDef* tim_baseHandle)
  72:Core/Src/tim.c **** {
 153              		.loc 1 72 1 is_stmt 1 view -0
 154              		.cfi_startproc
 155              		@ args = 0, pretend = 0, frame = 8
 156              		@ frame_needed = 0, uses_anonymous_args = 0
ARM GAS  /tmp/ccnGsJwq.s 			page 5


  73:Core/Src/tim.c **** 
  74:Core/Src/tim.c ****   if(tim_baseHandle->Instance==TIM1)
 157              		.loc 1 74 3 view .LVU40
 158              		.loc 1 74 20 is_stmt 0 view .LVU41
 159 0000 0268     		ldr	r2, [r0]
 160              		.loc 1 74 5 view .LVU42
 161 0002 0E4B     		ldr	r3, .L18
 162 0004 9A42     		cmp	r2, r3
 163 0006 00D0     		beq	.L17
 164 0008 7047     		bx	lr
 165              	.L17:
  72:Core/Src/tim.c **** 
 166              		.loc 1 72 1 view .LVU43
 167 000a 00B5     		push	{lr}
 168              	.LCFI4:
 169              		.cfi_def_cfa_offset 4
 170              		.cfi_offset 14, -4
 171 000c 83B0     		sub	sp, sp, #12
 172              	.LCFI5:
 173              		.cfi_def_cfa_offset 16
  75:Core/Src/tim.c ****   {
  76:Core/Src/tim.c ****   /* USER CODE BEGIN TIM1_MspInit 0 */
  77:Core/Src/tim.c **** 
  78:Core/Src/tim.c ****   /* USER CODE END TIM1_MspInit 0 */
  79:Core/Src/tim.c ****     /* TIM1 clock enable */
  80:Core/Src/tim.c ****     __HAL_RCC_TIM1_CLK_ENABLE();
 174              		.loc 1 80 5 is_stmt 1 view .LVU44
 175              	.LBB2:
 176              		.loc 1 80 5 view .LVU45
 177              		.loc 1 80 5 view .LVU46
 178 000e 03F56443 		add	r3, r3, #58368
 179 0012 9A69     		ldr	r2, [r3, #24]
 180 0014 42F40062 		orr	r2, r2, #2048
 181 0018 9A61     		str	r2, [r3, #24]
 182              		.loc 1 80 5 view .LVU47
 183 001a 9B69     		ldr	r3, [r3, #24]
 184 001c 03F40063 		and	r3, r3, #2048
 185 0020 0193     		str	r3, [sp, #4]
 186              		.loc 1 80 5 view .LVU48
 187 0022 019B     		ldr	r3, [sp, #4]
 188              	.LBE2:
 189              		.loc 1 80 5 view .LVU49
  81:Core/Src/tim.c **** 
  82:Core/Src/tim.c ****     /* TIM1 interrupt Init */
  83:Core/Src/tim.c ****     HAL_NVIC_SetPriority(TIM1_UP_IRQn, 0, 0);
 190              		.loc 1 83 5 view .LVU50
 191 0024 0022     		movs	r2, #0
 192 0026 1146     		mov	r1, r2
 193 0028 1920     		movs	r0, #25
 194              	.LVL7:
 195              		.loc 1 83 5 is_stmt 0 view .LVU51
 196 002a FFF7FEFF 		bl	HAL_NVIC_SetPriority
 197              	.LVL8:
  84:Core/Src/tim.c ****     HAL_NVIC_EnableIRQ(TIM1_UP_IRQn);
 198              		.loc 1 84 5 is_stmt 1 view .LVU52
 199 002e 1920     		movs	r0, #25
 200 0030 FFF7FEFF 		bl	HAL_NVIC_EnableIRQ
ARM GAS  /tmp/ccnGsJwq.s 			page 6


 201              	.LVL9:
  85:Core/Src/tim.c ****   /* USER CODE BEGIN TIM1_MspInit 1 */
  86:Core/Src/tim.c **** 
  87:Core/Src/tim.c ****   /* USER CODE END TIM1_MspInit 1 */
  88:Core/Src/tim.c ****   }
  89:Core/Src/tim.c **** }
 202              		.loc 1 89 1 is_stmt 0 view .LVU53
 203 0034 03B0     		add	sp, sp, #12
 204              	.LCFI6:
 205              		.cfi_def_cfa_offset 4
 206              		@ sp needed
 207 0036 5DF804FB 		ldr	pc, [sp], #4
 208              	.L19:
 209 003a 00BF     		.align	2
 210              	.L18:
 211 003c 002C0140 		.word	1073818624
 212              		.cfi_endproc
 213              	.LFE66:
 215              		.section	.text.HAL_TIM_Base_MspDeInit,"ax",%progbits
 216              		.align	1
 217              		.global	HAL_TIM_Base_MspDeInit
 218              		.syntax unified
 219              		.thumb
 220              		.thumb_func
 222              	HAL_TIM_Base_MspDeInit:
 223              	.LVL10:
 224              	.LFB67:
  90:Core/Src/tim.c **** 
  91:Core/Src/tim.c **** void HAL_TIM_Base_MspDeInit(TIM_HandleTypeDef* tim_baseHandle)
  92:Core/Src/tim.c **** {
 225              		.loc 1 92 1 is_stmt 1 view -0
 226              		.cfi_startproc
 227              		@ args = 0, pretend = 0, frame = 0
 228              		@ frame_needed = 0, uses_anonymous_args = 0
 229              		.loc 1 92 1 is_stmt 0 view .LVU55
 230 0000 08B5     		push	{r3, lr}
 231              	.LCFI7:
 232              		.cfi_def_cfa_offset 8
 233              		.cfi_offset 3, -8
 234              		.cfi_offset 14, -4
  93:Core/Src/tim.c **** 
  94:Core/Src/tim.c ****   if(tim_baseHandle->Instance==TIM1)
 235              		.loc 1 94 3 is_stmt 1 view .LVU56
 236              		.loc 1 94 20 is_stmt 0 view .LVU57
 237 0002 0268     		ldr	r2, [r0]
 238              		.loc 1 94 5 view .LVU58
 239 0004 064B     		ldr	r3, .L24
 240 0006 9A42     		cmp	r2, r3
 241 0008 00D0     		beq	.L23
 242              	.LVL11:
 243              	.L20:
  95:Core/Src/tim.c ****   {
  96:Core/Src/tim.c ****   /* USER CODE BEGIN TIM1_MspDeInit 0 */
  97:Core/Src/tim.c **** 
  98:Core/Src/tim.c ****   /* USER CODE END TIM1_MspDeInit 0 */
  99:Core/Src/tim.c ****     /* Peripheral clock disable */
 100:Core/Src/tim.c ****     __HAL_RCC_TIM1_CLK_DISABLE();
ARM GAS  /tmp/ccnGsJwq.s 			page 7


 101:Core/Src/tim.c **** 
 102:Core/Src/tim.c ****     /* TIM1 interrupt Deinit */
 103:Core/Src/tim.c ****     HAL_NVIC_DisableIRQ(TIM1_UP_IRQn);
 104:Core/Src/tim.c ****   /* USER CODE BEGIN TIM1_MspDeInit 1 */
 105:Core/Src/tim.c **** 
 106:Core/Src/tim.c ****   /* USER CODE END TIM1_MspDeInit 1 */
 107:Core/Src/tim.c ****   }
 108:Core/Src/tim.c **** }
 244              		.loc 1 108 1 view .LVU59
 245 000a 08BD     		pop	{r3, pc}
 246              	.LVL12:
 247              	.L23:
 100:Core/Src/tim.c **** 
 248              		.loc 1 100 5 is_stmt 1 view .LVU60
 249 000c 054A     		ldr	r2, .L24+4
 250 000e 9369     		ldr	r3, [r2, #24]
 251 0010 23F40063 		bic	r3, r3, #2048
 252 0014 9361     		str	r3, [r2, #24]
 103:Core/Src/tim.c ****   /* USER CODE BEGIN TIM1_MspDeInit 1 */
 253              		.loc 1 103 5 view .LVU61
 254 0016 1920     		movs	r0, #25
 255              	.LVL13:
 103:Core/Src/tim.c ****   /* USER CODE BEGIN TIM1_MspDeInit 1 */
 256              		.loc 1 103 5 is_stmt 0 view .LVU62
 257 0018 FFF7FEFF 		bl	HAL_NVIC_DisableIRQ
 258              	.LVL14:
 259              		.loc 1 108 1 view .LVU63
 260 001c F5E7     		b	.L20
 261              	.L25:
 262 001e 00BF     		.align	2
 263              	.L24:
 264 0020 002C0140 		.word	1073818624
 265 0024 00100240 		.word	1073876992
 266              		.cfi_endproc
 267              	.LFE67:
 269              		.global	htim1
 270              		.section	.bss.htim1,"aw",%nobits
 271              		.align	2
 274              	htim1:
 275 0000 00000000 		.space	72
 275      00000000 
 275      00000000 
 275      00000000 
 275      00000000 
 276              		.text
 277              	.Letext0:
 278              		.file 2 "Drivers/CMSIS/Device/ST/STM32F1xx/Include/stm32f103xb.h"
 279              		.file 3 "/opt/arm-gnu-toolchain-14.3.rel1-x86_64-arm-none-eabi/arm-none-eabi/include/machine/_defa
 280              		.file 4 "/opt/arm-gnu-toolchain-14.3.rel1-x86_64-arm-none-eabi/arm-none-eabi/include/sys/_stdint.h
 281              		.file 5 "Drivers/STM32F1xx_HAL_Driver/Inc/stm32f1xx_hal_def.h"
 282              		.file 6 "Drivers/STM32F1xx_HAL_Driver/Inc/stm32f1xx_hal_dma.h"
 283              		.file 7 "Drivers/STM32F1xx_HAL_Driver/Inc/stm32f1xx_hal_tim.h"
 284              		.file 8 "Drivers/STM32F1xx_HAL_Driver/Inc/stm32f1xx_hal_cortex.h"
 285              		.file 9 "Drivers/STM32F1xx_HAL_Driver/Inc/stm32f1xx_hal_tim_ex.h"
 286              		.file 10 "Core/Inc/tim.h"
 287              		.file 11 "Core/Inc/main.h"
ARM GAS  /tmp/ccnGsJwq.s 			page 8


DEFINED SYMBOLS
                            *ABS*:00000000 tim.c
     /tmp/ccnGsJwq.s:19     .text.MX_TIM1_Init:00000000 $t
     /tmp/ccnGsJwq.s:25     .text.MX_TIM1_Init:00000000 MX_TIM1_Init
     /tmp/ccnGsJwq.s:138    .text.MX_TIM1_Init:0000006c $d
     /tmp/ccnGsJwq.s:274    .bss.htim1:00000000 htim1
     /tmp/ccnGsJwq.s:144    .text.HAL_TIM_Base_MspInit:00000000 $t
     /tmp/ccnGsJwq.s:150    .text.HAL_TIM_Base_MspInit:00000000 HAL_TIM_Base_MspInit
     /tmp/ccnGsJwq.s:211    .text.HAL_TIM_Base_MspInit:0000003c $d
     /tmp/ccnGsJwq.s:216    .text.HAL_TIM_Base_MspDeInit:00000000 $t
     /tmp/ccnGsJwq.s:222    .text.HAL_TIM_Base_MspDeInit:00000000 HAL_TIM_Base_MspDeInit
     /tmp/ccnGsJwq.s:264    .text.HAL_TIM_Base_MspDeInit:00000020 $d
     /tmp/ccnGsJwq.s:271    .bss.htim1:00000000 $d

UNDEFINED SYMBOLS
HAL_TIM_Base_Init
HAL_TIM_ConfigClockSource
HAL_TIMEx_MasterConfigSynchronization
Error_Handler
HAL_NVIC_SetPriority
HAL_NVIC_EnableIRQ
HAL_NVIC_DisableIRQ
