ARM GAS  /tmp/cctpzU2O.s 			page 1


   1              		.cpu cortex-m3
   2              		.arch armv7-m
   3              		.fpu softvfp
   4              		.eabi_attribute 20, 1
   5              		.eabi_attribute 21, 1
   6              		.eabi_attribute 23, 3
   7              		.eabi_attribute 24, 1
   8              		.eabi_attribute 25, 1
   9              		.eabi_attribute 26, 1
  10              		.eabi_attribute 30, 1
  11              		.eabi_attribute 34, 1
  12              		.eabi_attribute 18, 4
  13              		.file	"uart_al.c"
  14              		.text
  15              	.Ltext0:
  16              		.cfi_sections	.debug_frame
  17              		.file 1 "Libs/uart_al/uart_al.c"
  18              		.section	.text.UART_2Byte_to_1Byte,"ax",%progbits
  19              		.align	1
  20              		.global	UART_2Byte_to_1Byte
  21              		.syntax unified
  22              		.thumb
  23              		.thumb_func
  25              	UART_2Byte_to_1Byte:
  26              	.LVL0:
  27              	.LFB65:
   1:Libs/uart_al/uart_al.c **** #include "uart_al.h"
   2:Libs/uart_al/uart_al.c **** 
   3:Libs/uart_al/uart_al.c **** void UART_2Byte_to_1Byte(uint16_t* input, uint8_t* output){
  28              		.loc 1 3 59 view -0
  29              		.cfi_startproc
  30              		@ args = 0, pretend = 0, frame = 0
  31              		@ frame_needed = 0, uses_anonymous_args = 0
  32              		@ link register save eliminated.
   4:Libs/uart_al/uart_al.c ****     return;
  33              		.loc 1 4 5 view .LVU1
   5:Libs/uart_al/uart_al.c **** }...
  34              		.loc 1 5 1 is_stmt 0 view .LVU2
  35 0000 7047     		bx	lr
  36              		.cfi_endproc
  37              	.LFE65:
  39              		.text
  40              	.Letext0:
  41              		.file 2 "/opt/gcc-arm/arm-none-eabi/include/machine/_default_types.h"
  42              		.file 3 "/opt/gcc-arm/arm-none-eabi/include/sys/_stdint.h"
ARM GAS  /tmp/cctpzU2O.s 			page 2


DEFINED SYMBOLS
                            *ABS*:00000000 uart_al.c
     /tmp/cctpzU2O.s:19     .text.UART_2Byte_to_1Byte:00000000 $t
     /tmp/cctpzU2O.s:25     .text.UART_2Byte_to_1Byte:00000000 UART_2Byte_to_1Byte

NO UNDEFINED SYMBOLS
