ARM GAS  /tmp/ccsqIRLo.s 			page 1


   1              		.cpu cortex-m3
   2              		.arch armv7-m
   3              		.fpu softvfp
   4              		.eabi_attribute 20, 1
   5              		.eabi_attribute 21, 1
   6              		.eabi_attribute 23, 3
   7              		.eabi_attribute 24, 1
   8              		.eabi_attribute 25, 1
   9              		.eabi_attribute 26, 1
  10              		.eabi_attribute 30, 1
  11              		.eabi_attribute 34, 1
  12              		.eabi_attribute 18, 4
  13              		.file	"stm32f1xx_it.c"
  14              		.text
  15              	.Ltext0:
  16              		.cfi_sections	.debug_frame
  17              		.file 1 "Src/stm32f1xx_it.c"
  18              		.section	.text.NMI_Handler,"ax",%progbits
  19              		.align	1
  20              		.global	NMI_Handler
  21              		.syntax unified
  22              		.thumb
  23              		.thumb_func
  25              	NMI_Handler:
  26              	.LFB65:
   1:Src/stm32f1xx_it.c **** /* USER CODE BEGIN Header */
   2:Src/stm32f1xx_it.c **** /**
   3:Src/stm32f1xx_it.c ****   ******************************************************************************
   4:Src/stm32f1xx_it.c ****   * @file    stm32f1xx_it.c
   5:Src/stm32f1xx_it.c ****   * @brief   Interrupt Service Routines.
   6:Src/stm32f1xx_it.c ****   ******************************************************************************
   7:Src/stm32f1xx_it.c ****   * @attention
   8:Src/stm32f1xx_it.c ****   *
   9:Src/stm32f1xx_it.c ****   * Copyright (c) 2025 STMicroelectronics.
  10:Src/stm32f1xx_it.c ****   * All rights reserved.
  11:Src/stm32f1xx_it.c ****   *
  12:Src/stm32f1xx_it.c ****   * This software is licensed under terms that can be found in the LICENSE file
  13:Src/stm32f1xx_it.c ****   * in the root directory of this software component.
  14:Src/stm32f1xx_it.c ****   * If no LICENSE file comes with this software, it is provided AS-IS.
  15:Src/stm32f1xx_it.c ****   *
  16:Src/stm32f1xx_it.c ****   ******************************************************************************
  17:Src/stm32f1xx_it.c ****   */
  18:Src/stm32f1xx_it.c **** /* USER CODE END Header */
  19:Src/stm32f1xx_it.c **** 
  20:Src/stm32f1xx_it.c **** /* Includes ------------------------------------------------------------------*/
  21:Src/stm32f1xx_it.c **** #include "main.h"
  22:Src/stm32f1xx_it.c **** #include "stm32f1xx_it.h"
  23:Src/stm32f1xx_it.c **** /* Private includes ----------------------------------------------------------*/
  24:Src/stm32f1xx_it.c **** /* USER CODE BEGIN Includes */
  25:Src/stm32f1xx_it.c **** /* USER CODE END Includes */
  26:Src/stm32f1xx_it.c **** 
  27:Src/stm32f1xx_it.c **** /* Private typedef -----------------------------------------------------------*/
  28:Src/stm32f1xx_it.c **** /* USER CODE BEGIN TD */
  29:Src/stm32f1xx_it.c **** 
  30:Src/stm32f1xx_it.c **** /* USER CODE END TD */
  31:Src/stm32f1xx_it.c **** 
  32:Src/stm32f1xx_it.c **** /* Private define ------------------------------------------------------------*/
ARM GAS  /tmp/ccsqIRLo.s 			page 2


  33:Src/stm32f1xx_it.c **** /* USER CODE BEGIN PD */
  34:Src/stm32f1xx_it.c **** 
  35:Src/stm32f1xx_it.c **** /* USER CODE END PD */
  36:Src/stm32f1xx_it.c **** 
  37:Src/stm32f1xx_it.c **** /* Private macro -------------------------------------------------------------*/
  38:Src/stm32f1xx_it.c **** /* USER CODE BEGIN PM */
  39:Src/stm32f1xx_it.c **** 
  40:Src/stm32f1xx_it.c **** /* USER CODE END PM */
  41:Src/stm32f1xx_it.c **** 
  42:Src/stm32f1xx_it.c **** /* Private variables ---------------------------------------------------------*/
  43:Src/stm32f1xx_it.c **** /* USER CODE BEGIN PV */
  44:Src/stm32f1xx_it.c **** 
  45:Src/stm32f1xx_it.c **** /* USER CODE END PV */
  46:Src/stm32f1xx_it.c **** 
  47:Src/stm32f1xx_it.c **** /* Private function prototypes -----------------------------------------------*/
  48:Src/stm32f1xx_it.c **** /* USER CODE BEGIN PFP */
  49:Src/stm32f1xx_it.c **** 
  50:Src/stm32f1xx_it.c **** /* USER CODE END PFP */
  51:Src/stm32f1xx_it.c **** 
  52:Src/stm32f1xx_it.c **** /* Private user code ---------------------------------------------------------*/
  53:Src/stm32f1xx_it.c **** /* USER CODE BEGIN 0 */
  54:Src/stm32f1xx_it.c **** 
  55:Src/stm32f1xx_it.c **** /* USER CODE END 0 */
  56:Src/stm32f1xx_it.c **** 
  57:Src/stm32f1xx_it.c **** /* External variables --------------------------------------------------------*/
  58:Src/stm32f1xx_it.c **** extern CAN_HandleTypeDef hcan;
  59:Src/stm32f1xx_it.c **** extern TIM_HandleTypeDef htim3;
  60:Src/stm32f1xx_it.c **** /* USER CODE BEGIN EV */
  61:Src/stm32f1xx_it.c **** 
  62:Src/stm32f1xx_it.c **** /* USER CODE END EV */
  63:Src/stm32f1xx_it.c **** 
  64:Src/stm32f1xx_it.c **** /******************************************************************************/
  65:Src/stm32f1xx_it.c **** /*           Cortex-M3 Processor Interruption and Exception Handlers          */
  66:Src/stm32f1xx_it.c **** /******************************************************************************/
  67:Src/stm32f1xx_it.c **** /**
  68:Src/stm32f1xx_it.c ****   * @brief This function handles Non maskable interrupt.
  69:Src/stm32f1xx_it.c ****   */
  70:Src/stm32f1xx_it.c **** void NMI_Handler(void)
  71:Src/stm32f1xx_it.c **** {
  27              		.loc 1 71 1 view -0
  28              		.cfi_startproc
  29              		@ Volatile: function does not return.
  30              		@ args = 0, pretend = 0, frame = 0
  31              		@ frame_needed = 0, uses_anonymous_args = 0
  32              		@ link register save eliminated.
  33              	.L2:
  72:Src/stm32f1xx_it.c ****   /* USER CODE BEGIN NonMaskableInt_IRQn 0 */
  73:Src/stm32f1xx_it.c **** 
  74:Src/stm32f1xx_it.c ****   /* USER CODE END NonMaskableInt_IRQn 0 */
  75:Src/stm32f1xx_it.c ****   /* USER CODE BEGIN NonMaskableInt_IRQn 1 */
  76:Src/stm32f1xx_it.c ****    while (1)
  34              		.loc 1 76 4 view .LVU1
  77:Src/stm32f1xx_it.c ****   {
  78:Src/stm32f1xx_it.c ****   }
  35              		.loc 1 78 3 view .LVU2
  76:Src/stm32f1xx_it.c ****   {
  36              		.loc 1 76 10 view .LVU3
ARM GAS  /tmp/ccsqIRLo.s 			page 3


  37 0000 FEE7     		b	.L2
  38              		.cfi_endproc
  39              	.LFE65:
  41              		.section	.text.HardFault_Handler,"ax",%progbits
  42              		.align	1
  43              		.global	HardFault_Handler
  44              		.syntax unified
  45              		.thumb
  46              		.thumb_func
  48              	HardFault_Handler:
  49              	.LFB66:
  79:Src/stm32f1xx_it.c ****   /* USER CODE END NonMaskableInt_IRQn 1 */
  80:Src/stm32f1xx_it.c **** }
  81:Src/stm32f1xx_it.c **** 
  82:Src/stm32f1xx_it.c **** /**
  83:Src/stm32f1xx_it.c ****   * @brief This function handles Hard fault interrupt.
  84:Src/stm32f1xx_it.c ****   */
  85:Src/stm32f1xx_it.c **** void HardFault_Handler(void)
  86:Src/stm32f1xx_it.c **** {
  50              		.loc 1 86 1 view -0
  51              		.cfi_startproc
  52              		@ Volatile: function does not return.
  53              		@ args = 0, pretend = 0, frame = 0
  54              		@ frame_needed = 0, uses_anonymous_args = 0
  55              		@ link register save eliminated.
  56              	.L4:
  87:Src/stm32f1xx_it.c ****   /* USER CODE BEGIN HardFault_IRQn 0 */
  88:Src/stm32f1xx_it.c **** 
  89:Src/stm32f1xx_it.c ****   /* USER CODE END HardFault_IRQn 0 */
  90:Src/stm32f1xx_it.c ****   while (1)
  57              		.loc 1 90 3 view .LVU5
  91:Src/stm32f1xx_it.c ****   {
  92:Src/stm32f1xx_it.c ****     /* USER CODE BEGIN W1_HardFault_IRQn 0 */
  93:Src/stm32f1xx_it.c ****     /* USER CODE END W1_HardFault_IRQn 0 */
  94:Src/stm32f1xx_it.c ****   }
  58              		.loc 1 94 3 view .LVU6
  90:Src/stm32f1xx_it.c ****   {
  59              		.loc 1 90 9 view .LVU7
  60 0000 FEE7     		b	.L4
  61              		.cfi_endproc
  62              	.LFE66:
  64              		.section	.text.MemManage_Handler,"ax",%progbits
  65              		.align	1
  66              		.global	MemManage_Handler
  67              		.syntax unified
  68              		.thumb
  69              		.thumb_func
  71              	MemManage_Handler:
  72              	.LFB67:
  95:Src/stm32f1xx_it.c **** }
  96:Src/stm32f1xx_it.c **** 
  97:Src/stm32f1xx_it.c **** /**
  98:Src/stm32f1xx_it.c ****   * @brief This function handles Memory management fault.
  99:Src/stm32f1xx_it.c ****   */
 100:Src/stm32f1xx_it.c **** void MemManage_Handler(void)
 101:Src/stm32f1xx_it.c **** {
  73              		.loc 1 101 1 view -0
ARM GAS  /tmp/ccsqIRLo.s 			page 4


  74              		.cfi_startproc
  75              		@ Volatile: function does not return.
  76              		@ args = 0, pretend = 0, frame = 0
  77              		@ frame_needed = 0, uses_anonymous_args = 0
  78              		@ link register save eliminated.
  79              	.L6:
 102:Src/stm32f1xx_it.c ****   /* USER CODE BEGIN MemoryManagement_IRQn 0 */
 103:Src/stm32f1xx_it.c **** 
 104:Src/stm32f1xx_it.c ****   /* USER CODE END MemoryManagement_IRQn 0 */
 105:Src/stm32f1xx_it.c ****   while (1)
  80              		.loc 1 105 3 view .LVU9
 106:Src/stm32f1xx_it.c ****   {
 107:Src/stm32f1xx_it.c ****     /* USER CODE BEGIN W1_MemoryManagement_IRQn 0 */
 108:Src/stm32f1xx_it.c ****     /* USER CODE END W1_MemoryManagement_IRQn 0 */
 109:Src/stm32f1xx_it.c ****   }
  81              		.loc 1 109 3 view .LVU10
 105:Src/stm32f1xx_it.c ****   {
  82              		.loc 1 105 9 view .LVU11
  83 0000 FEE7     		b	.L6
  84              		.cfi_endproc
  85              	.LFE67:
  87              		.section	.text.BusFault_Handler,"ax",%progbits
  88              		.align	1
  89              		.global	BusFault_Handler
  90              		.syntax unified
  91              		.thumb
  92              		.thumb_func
  94              	BusFault_Handler:
  95              	.LFB68:
 110:Src/stm32f1xx_it.c **** }
 111:Src/stm32f1xx_it.c **** 
 112:Src/stm32f1xx_it.c **** /**
 113:Src/stm32f1xx_it.c ****   * @brief This function handles Prefetch fault, memory access fault.
 114:Src/stm32f1xx_it.c ****   */
 115:Src/stm32f1xx_it.c **** void BusFault_Handler(void)
 116:Src/stm32f1xx_it.c **** {
  96              		.loc 1 116 1 view -0
  97              		.cfi_startproc
  98              		@ Volatile: function does not return.
  99              		@ args = 0, pretend = 0, frame = 0
 100              		@ frame_needed = 0, uses_anonymous_args = 0
 101              		@ link register save eliminated.
 102              	.L8:
 117:Src/stm32f1xx_it.c ****   /* USER CODE BEGIN BusFault_IRQn 0 */
 118:Src/stm32f1xx_it.c **** 
 119:Src/stm32f1xx_it.c ****   /* USER CODE END BusFault_IRQn 0 */
 120:Src/stm32f1xx_it.c ****   while (1)
 103              		.loc 1 120 3 view .LVU13
 121:Src/stm32f1xx_it.c ****   {
 122:Src/stm32f1xx_it.c ****     /* USER CODE BEGIN W1_BusFault_IRQn 0 */
 123:Src/stm32f1xx_it.c ****     /* USER CODE END W1_BusFault_IRQn 0 */
 124:Src/stm32f1xx_it.c ****   }
 104              		.loc 1 124 3 view .LVU14
 120:Src/stm32f1xx_it.c ****   {
 105              		.loc 1 120 9 view .LVU15
 106 0000 FEE7     		b	.L8
 107              		.cfi_endproc
ARM GAS  /tmp/ccsqIRLo.s 			page 5


 108              	.LFE68:
 110              		.section	.text.UsageFault_Handler,"ax",%progbits
 111              		.align	1
 112              		.global	UsageFault_Handler
 113              		.syntax unified
 114              		.thumb
 115              		.thumb_func
 117              	UsageFault_Handler:
 118              	.LFB69:
 125:Src/stm32f1xx_it.c **** }
 126:Src/stm32f1xx_it.c **** 
 127:Src/stm32f1xx_it.c **** /**
 128:Src/stm32f1xx_it.c ****   * @brief This function handles Undefined instruction or illegal state.
 129:Src/stm32f1xx_it.c ****   */
 130:Src/stm32f1xx_it.c **** void UsageFault_Handler(void)
 131:Src/stm32f1xx_it.c **** {
 119              		.loc 1 131 1 view -0
 120              		.cfi_startproc
 121              		@ Volatile: function does not return.
 122              		@ args = 0, pretend = 0, frame = 0
 123              		@ frame_needed = 0, uses_anonymous_args = 0
 124              		@ link register save eliminated.
 125              	.L10:
 132:Src/stm32f1xx_it.c ****   /* USER CODE BEGIN UsageFault_IRQn 0 */
 133:Src/stm32f1xx_it.c **** 
 134:Src/stm32f1xx_it.c ****   /* USER CODE END UsageFault_IRQn 0 */
 135:Src/stm32f1xx_it.c ****   while (1)
 126              		.loc 1 135 3 view .LVU17
 136:Src/stm32f1xx_it.c ****   {
 137:Src/stm32f1xx_it.c ****     /* USER CODE BEGIN W1_UsageFault_IRQn 0 */
 138:Src/stm32f1xx_it.c ****     /* USER CODE END W1_UsageFault_IRQn 0 */
 139:Src/stm32f1xx_it.c ****   }
 127              		.loc 1 139 3 view .LVU18
 135:Src/stm32f1xx_it.c ****   {
 128              		.loc 1 135 9 view .LVU19
 129 0000 FEE7     		b	.L10
 130              		.cfi_endproc
 131              	.LFE69:
 133              		.section	.text.SVC_Handler,"ax",%progbits
 134              		.align	1
 135              		.global	SVC_Handler
 136              		.syntax unified
 137              		.thumb
 138              		.thumb_func
 140              	SVC_Handler:
 141              	.LFB70:
 140:Src/stm32f1xx_it.c **** }
 141:Src/stm32f1xx_it.c **** 
 142:Src/stm32f1xx_it.c **** /**
 143:Src/stm32f1xx_it.c ****   * @brief This function handles System service call via SWI instruction.
 144:Src/stm32f1xx_it.c ****   */
 145:Src/stm32f1xx_it.c **** void SVC_Handler(void)
 146:Src/stm32f1xx_it.c **** {
 142              		.loc 1 146 1 view -0
 143              		.cfi_startproc
 144              		@ args = 0, pretend = 0, frame = 0
 145              		@ frame_needed = 0, uses_anonymous_args = 0
ARM GAS  /tmp/ccsqIRLo.s 			page 6


 146              		@ link register save eliminated.
 147:Src/stm32f1xx_it.c ****   /* USER CODE BEGIN SVCall_IRQn 0 */
 148:Src/stm32f1xx_it.c **** 
 149:Src/stm32f1xx_it.c ****   /* USER CODE END SVCall_IRQn 0 */
 150:Src/stm32f1xx_it.c ****   /* USER CODE BEGIN SVCall_IRQn 1 */
 151:Src/stm32f1xx_it.c **** 
 152:Src/stm32f1xx_it.c ****   /* USER CODE END SVCall_IRQn 1 */
 153:Src/stm32f1xx_it.c **** }
 147              		.loc 1 153 1 view .LVU21
 148 0000 7047     		bx	lr
 149              		.cfi_endproc
 150              	.LFE70:
 152              		.section	.text.DebugMon_Handler,"ax",%progbits
 153              		.align	1
 154              		.global	DebugMon_Handler
 155              		.syntax unified
 156              		.thumb
 157              		.thumb_func
 159              	DebugMon_Handler:
 160              	.LFB71:
 154:Src/stm32f1xx_it.c **** 
 155:Src/stm32f1xx_it.c **** /**
 156:Src/stm32f1xx_it.c ****   * @brief This function handles Debug monitor.
 157:Src/stm32f1xx_it.c ****   */
 158:Src/stm32f1xx_it.c **** void DebugMon_Handler(void)
 159:Src/stm32f1xx_it.c **** {
 161              		.loc 1 159 1 view -0
 162              		.cfi_startproc
 163              		@ args = 0, pretend = 0, frame = 0
 164              		@ frame_needed = 0, uses_anonymous_args = 0
 165              		@ link register save eliminated.
 160:Src/stm32f1xx_it.c ****   /* USER CODE BEGIN DebugMonitor_IRQn 0 */
 161:Src/stm32f1xx_it.c **** 
 162:Src/stm32f1xx_it.c ****   /* USER CODE END DebugMonitor_IRQn 0 */
 163:Src/stm32f1xx_it.c ****   /* USER CODE BEGIN DebugMonitor_IRQn 1 */
 164:Src/stm32f1xx_it.c **** 
 165:Src/stm32f1xx_it.c ****   /* USER CODE END DebugMonitor_IRQn 1 */
 166:Src/stm32f1xx_it.c **** }
 166              		.loc 1 166 1 view .LVU23
 167 0000 7047     		bx	lr
 168              		.cfi_endproc
 169              	.LFE71:
 171              		.section	.text.PendSV_Handler,"ax",%progbits
 172              		.align	1
 173              		.global	PendSV_Handler
 174              		.syntax unified
 175              		.thumb
 176              		.thumb_func
 178              	PendSV_Handler:
 179              	.LFB72:
 167:Src/stm32f1xx_it.c **** 
 168:Src/stm32f1xx_it.c **** /**
 169:Src/stm32f1xx_it.c ****   * @brief This function handles Pendable request for system service.
 170:Src/stm32f1xx_it.c ****   */
 171:Src/stm32f1xx_it.c **** void PendSV_Handler(void)
 172:Src/stm32f1xx_it.c **** {
 180              		.loc 1 172 1 view -0
ARM GAS  /tmp/ccsqIRLo.s 			page 7


 181              		.cfi_startproc
 182              		@ args = 0, pretend = 0, frame = 0
 183              		@ frame_needed = 0, uses_anonymous_args = 0
 184              		@ link register save eliminated.
 173:Src/stm32f1xx_it.c ****   /* USER CODE BEGIN PendSV_IRQn 0 */
 174:Src/stm32f1xx_it.c **** 
 175:Src/stm32f1xx_it.c ****   /* USER CODE END PendSV_IRQn 0 */
 176:Src/stm32f1xx_it.c ****   /* USER CODE BEGIN PendSV_IRQn 1 */
 177:Src/stm32f1xx_it.c **** 
 178:Src/stm32f1xx_it.c ****   /* USER CODE END PendSV_IRQn 1 */
 179:Src/stm32f1xx_it.c **** }
 185              		.loc 1 179 1 view .LVU25
 186 0000 7047     		bx	lr
 187              		.cfi_endproc
 188              	.LFE72:
 190              		.section	.text.SysTick_Handler,"ax",%progbits
 191              		.align	1
 192              		.global	SysTick_Handler
 193              		.syntax unified
 194              		.thumb
 195              		.thumb_func
 197              	SysTick_Handler:
 198              	.LFB73:
 180:Src/stm32f1xx_it.c **** 
 181:Src/stm32f1xx_it.c **** /**
 182:Src/stm32f1xx_it.c ****   * @brief This function handles System tick timer.
 183:Src/stm32f1xx_it.c ****   */
 184:Src/stm32f1xx_it.c **** void SysTick_Handler(void)
 185:Src/stm32f1xx_it.c **** {
 199              		.loc 1 185 1 view -0
 200              		.cfi_startproc
 201              		@ args = 0, pretend = 0, frame = 0
 202              		@ frame_needed = 0, uses_anonymous_args = 0
 203 0000 08B5     		push	{r3, lr}
 204              	.LCFI0:
 205              		.cfi_def_cfa_offset 8
 206              		.cfi_offset 3, -8
 207              		.cfi_offset 14, -4
 186:Src/stm32f1xx_it.c ****   /* USER CODE BEGIN SysTick_IRQn 0 */
 187:Src/stm32f1xx_it.c **** 
 188:Src/stm32f1xx_it.c ****   /* USER CODE END SysTick_IRQn 0 */
 189:Src/stm32f1xx_it.c ****   HAL_IncTick();
 208              		.loc 1 189 3 view .LVU27
 209 0002 FFF7FEFF 		bl	HAL_IncTick
 210              	.LVL0:
 190:Src/stm32f1xx_it.c ****   /* USER CODE BEGIN SysTick_IRQn 1 */
 191:Src/stm32f1xx_it.c **** 
 192:Src/stm32f1xx_it.c ****   /* USER CODE END SysTick_IRQn 1 */
 193:Src/stm32f1xx_it.c **** }
 211              		.loc 1 193 1 is_stmt 0 view .LVU28
 212 0006 08BD     		pop	{r3, pc}
 213              		.cfi_endproc
 214              	.LFE73:
 216              		.section	.text.USB_LP_CAN1_RX0_IRQHandler,"ax",%progbits
 217              		.align	1
 218              		.global	USB_LP_CAN1_RX0_IRQHandler
 219              		.syntax unified
ARM GAS  /tmp/ccsqIRLo.s 			page 8


 220              		.thumb
 221              		.thumb_func
 223              	USB_LP_CAN1_RX0_IRQHandler:
 224              	.LFB74:
 194:Src/stm32f1xx_it.c **** 
 195:Src/stm32f1xx_it.c **** /******************************************************************************/
 196:Src/stm32f1xx_it.c **** /* STM32F1xx Peripheral Interrupt Handlers                                    */
 197:Src/stm32f1xx_it.c **** /* Add here the Interrupt Handlers for the used peripherals.                  */
 198:Src/stm32f1xx_it.c **** /* For the available peripheral interrupt handler names,                      */
 199:Src/stm32f1xx_it.c **** /* please refer to the startup file (startup_stm32f1xx.s).                    */
 200:Src/stm32f1xx_it.c **** /******************************************************************************/
 201:Src/stm32f1xx_it.c **** 
 202:Src/stm32f1xx_it.c **** /**
 203:Src/stm32f1xx_it.c ****   * @brief This function handles USB low priority or CAN RX0 interrupts.
 204:Src/stm32f1xx_it.c ****   */
 205:Src/stm32f1xx_it.c **** void USB_LP_CAN1_RX0_IRQHandler(void)
 206:Src/stm32f1xx_it.c **** {
 225              		.loc 1 206 1 is_stmt 1 view -0
 226              		.cfi_startproc
 227              		@ args = 0, pretend = 0, frame = 0
 228              		@ frame_needed = 0, uses_anonymous_args = 0
 229 0000 08B5     		push	{r3, lr}
 230              	.LCFI1:
 231              		.cfi_def_cfa_offset 8
 232              		.cfi_offset 3, -8
 233              		.cfi_offset 14, -4
 207:Src/stm32f1xx_it.c ****   /* USER CODE BEGIN USB_LP_CAN1_RX0_IRQn 0 */
 208:Src/stm32f1xx_it.c **** 
 209:Src/stm32f1xx_it.c ****   /* USER CODE END USB_LP_CAN1_RX0_IRQn 0 */
 210:Src/stm32f1xx_it.c ****   HAL_CAN_IRQHandler(&hcan);
 234              		.loc 1 210 3 view .LVU30
 235 0002 0248     		ldr	r0, .L18
 236 0004 FFF7FEFF 		bl	HAL_CAN_IRQHandler
 237              	.LVL1:
 211:Src/stm32f1xx_it.c ****   /* USER CODE BEGIN USB_LP_CAN1_RX0_IRQn 1 */
 212:Src/stm32f1xx_it.c **** 
 213:Src/stm32f1xx_it.c ****   /* USER CODE END USB_LP_CAN1_RX0_IRQn 1 */
 214:Src/stm32f1xx_it.c **** }
 238              		.loc 1 214 1 is_stmt 0 view .LVU31
 239 0008 08BD     		pop	{r3, pc}
 240              	.L19:
 241 000a 00BF     		.align	2
 242              	.L18:
 243 000c 00000000 		.word	hcan
 244              		.cfi_endproc
 245              	.LFE74:
 247              		.section	.text.TIM3_IRQHandler,"ax",%progbits
 248              		.align	1
 249              		.global	TIM3_IRQHandler
 250              		.syntax unified
 251              		.thumb
 252              		.thumb_func
 254              	TIM3_IRQHandler:
 255              	.LFB75:
 215:Src/stm32f1xx_it.c **** 
 216:Src/stm32f1xx_it.c **** /**
 217:Src/stm32f1xx_it.c ****   * @brief This function handles TIM3 global interrupt.
ARM GAS  /tmp/ccsqIRLo.s 			page 9


 218:Src/stm32f1xx_it.c ****   */
 219:Src/stm32f1xx_it.c **** void TIM3_IRQHandler(void)
 220:Src/stm32f1xx_it.c **** {
 256              		.loc 1 220 1 is_stmt 1 view -0
 257              		.cfi_startproc
 258              		@ args = 0, pretend = 0, frame = 0
 259              		@ frame_needed = 0, uses_anonymous_args = 0
 260 0000 08B5     		push	{r3, lr}
 261              	.LCFI2:
 262              		.cfi_def_cfa_offset 8
 263              		.cfi_offset 3, -8
 264              		.cfi_offset 14, -4
 221:Src/stm32f1xx_it.c ****   /* USER CODE BEGIN TIM3_IRQn 0 */
 222:Src/stm32f1xx_it.c **** 
 223:Src/stm32f1xx_it.c ****   /* USER CODE END TIM3_IRQn 0 */
 224:Src/stm32f1xx_it.c ****   HAL_TIM_IRQHandler(&htim3);
 265              		.loc 1 224 3 view .LVU33
 266 0002 0248     		ldr	r0, .L22
 267 0004 FFF7FEFF 		bl	HAL_TIM_IRQHandler
 268              	.LVL2:
 225:Src/stm32f1xx_it.c ****   /* USER CODE BEGIN TIM3_IRQn 1 */
 226:Src/stm32f1xx_it.c **** 
 227:Src/stm32f1xx_it.c ****   /* USER CODE END TIM3_IRQn 1 */
 228:Src/stm32f1xx_it.c **** }
 269              		.loc 1 228 1 is_stmt 0 view .LVU34
 270 0008 08BD     		pop	{r3, pc}
 271              	.L23:
 272 000a 00BF     		.align	2
 273              	.L22:
 274 000c 00000000 		.word	htim3
 275              		.cfi_endproc
 276              	.LFE75:
 278              		.section	.text.EXTI15_10_IRQHandler,"ax",%progbits
 279              		.align	1
 280              		.global	EXTI15_10_IRQHandler
 281              		.syntax unified
 282              		.thumb
 283              		.thumb_func
 285              	EXTI15_10_IRQHandler:
 286              	.LFB76:
 229:Src/stm32f1xx_it.c **** 
 230:Src/stm32f1xx_it.c **** /**
 231:Src/stm32f1xx_it.c ****   * @brief This function handles EXTI line[15:10] interrupts.
 232:Src/stm32f1xx_it.c ****   */
 233:Src/stm32f1xx_it.c **** void EXTI15_10_IRQHandler(void)
 234:Src/stm32f1xx_it.c **** {
 287              		.loc 1 234 1 is_stmt 1 view -0
 288              		.cfi_startproc
 289              		@ args = 0, pretend = 0, frame = 0
 290              		@ frame_needed = 0, uses_anonymous_args = 0
 291 0000 08B5     		push	{r3, lr}
 292              	.LCFI3:
 293              		.cfi_def_cfa_offset 8
 294              		.cfi_offset 3, -8
 295              		.cfi_offset 14, -4
 235:Src/stm32f1xx_it.c ****   /* USER CODE BEGIN EXTI15_10_IRQn 0 */
 236:Src/stm32f1xx_it.c **** 
ARM GAS  /tmp/ccsqIRLo.s 			page 10


 237:Src/stm32f1xx_it.c ****   /* USER CODE END EXTI15_10_IRQn 0 */
 238:Src/stm32f1xx_it.c ****   HAL_GPIO_EXTI_IRQHandler(RPM0_Pin);
 296              		.loc 1 238 3 view .LVU36
 297 0002 4FF48060 		mov	r0, #1024
 298 0006 FFF7FEFF 		bl	HAL_GPIO_EXTI_IRQHandler
 299              	.LVL3:
 239:Src/stm32f1xx_it.c ****   HAL_GPIO_EXTI_IRQHandler(RPM1_Pin);
 300              		.loc 1 239 3 view .LVU37
 301 000a 4FF40060 		mov	r0, #2048
 302 000e FFF7FEFF 		bl	HAL_GPIO_EXTI_IRQHandler
 303              	.LVL4:
 240:Src/stm32f1xx_it.c ****   HAL_GPIO_EXTI_IRQHandler(RPM2_Pin);
 304              		.loc 1 240 3 view .LVU38
 305 0012 4FF48050 		mov	r0, #4096
 306 0016 FFF7FEFF 		bl	HAL_GPIO_EXTI_IRQHandler
 307              	.LVL5:
 241:Src/stm32f1xx_it.c ****   HAL_GPIO_EXTI_IRQHandler(RPM3_Pin);
 308              		.loc 1 241 3 view .LVU39
 309 001a 4FF40050 		mov	r0, #8192
 310 001e FFF7FEFF 		bl	HAL_GPIO_EXTI_IRQHandler
 311              	.LVL6:
 242:Src/stm32f1xx_it.c ****   /* USER CODE BEGIN EXTI15_10_IRQn 1 */
 243:Src/stm32f1xx_it.c **** 
 244:Src/stm32f1xx_it.c ****   /* USER CODE END EXTI15_10_IRQn 1 */
 245:Src/stm32f1xx_it.c **** }
 312              		.loc 1 245 1 is_stmt 0 view .LVU40
 313 0022 08BD     		pop	{r3, pc}
 314              		.cfi_endproc
 315              	.LFE76:
 317              		.text
 318              	.Letext0:
 319              		.file 2 "/opt/gcc-arm/arm-none-eabi/include/machine/_default_types.h"
 320              		.file 3 "/opt/gcc-arm/arm-none-eabi/include/sys/_stdint.h"
 321              		.file 4 "Drivers/CMSIS/Device/ST/STM32F1xx/Include/stm32f103xb.h"
 322              		.file 5 "Drivers/CMSIS/Device/ST/STM32F1xx/Include/stm32f1xx.h"
 323              		.file 6 "Drivers/STM32F1xx_HAL_Driver/Inc/stm32f1xx_hal_def.h"
 324              		.file 7 "Drivers/STM32F1xx_HAL_Driver/Inc/stm32f1xx_hal_dma.h"
 325              		.file 8 "Drivers/STM32F1xx_HAL_Driver/Inc/stm32f1xx_hal_can.h"
 326              		.file 9 "Drivers/STM32F1xx_HAL_Driver/Inc/stm32f1xx_hal_tim.h"
 327              		.file 10 "Drivers/STM32F1xx_HAL_Driver/Inc/stm32f1xx_hal_gpio.h"
 328              		.file 11 "Drivers/STM32F1xx_HAL_Driver/Inc/stm32f1xx_hal.h"
ARM GAS  /tmp/ccsqIRLo.s 			page 11


DEFINED SYMBOLS
                            *ABS*:00000000 stm32f1xx_it.c
     /tmp/ccsqIRLo.s:19     .text.NMI_Handler:00000000 $t
     /tmp/ccsqIRLo.s:25     .text.NMI_Handler:00000000 NMI_Handler
     /tmp/ccsqIRLo.s:42     .text.HardFault_Handler:00000000 $t
     /tmp/ccsqIRLo.s:48     .text.HardFault_Handler:00000000 HardFault_Handler
     /tmp/ccsqIRLo.s:65     .text.MemManage_Handler:00000000 $t
     /tmp/ccsqIRLo.s:71     .text.MemManage_Handler:00000000 MemManage_Handler
     /tmp/ccsqIRLo.s:88     .text.BusFault_Handler:00000000 $t
     /tmp/ccsqIRLo.s:94     .text.BusFault_Handler:00000000 BusFault_Handler
     /tmp/ccsqIRLo.s:111    .text.UsageFault_Handler:00000000 $t
     /tmp/ccsqIRLo.s:117    .text.UsageFault_Handler:00000000 UsageFault_Handler
     /tmp/ccsqIRLo.s:134    .text.SVC_Handler:00000000 $t
     /tmp/ccsqIRLo.s:140    .text.SVC_Handler:00000000 SVC_Handler
     /tmp/ccsqIRLo.s:153    .text.DebugMon_Handler:00000000 $t
     /tmp/ccsqIRLo.s:159    .text.DebugMon_Handler:00000000 DebugMon_Handler
     /tmp/ccsqIRLo.s:172    .text.PendSV_Handler:00000000 $t
     /tmp/ccsqIRLo.s:178    .text.PendSV_Handler:00000000 PendSV_Handler
     /tmp/ccsqIRLo.s:191    .text.SysTick_Handler:00000000 $t
     /tmp/ccsqIRLo.s:197    .text.SysTick_Handler:00000000 SysTick_Handler
     /tmp/ccsqIRLo.s:217    .text.USB_LP_CAN1_RX0_IRQHandler:00000000 $t
     /tmp/ccsqIRLo.s:223    .text.USB_LP_CAN1_RX0_IRQHandler:00000000 USB_LP_CAN1_RX0_IRQHandler
     /tmp/ccsqIRLo.s:243    .text.USB_LP_CAN1_RX0_IRQHandler:0000000c $d
     /tmp/ccsqIRLo.s:248    .text.TIM3_IRQHandler:00000000 $t
     /tmp/ccsqIRLo.s:254    .text.TIM3_IRQHandler:00000000 TIM3_IRQHandler
     /tmp/ccsqIRLo.s:274    .text.TIM3_IRQHandler:0000000c $d
     /tmp/ccsqIRLo.s:279    .text.EXTI15_10_IRQHandler:00000000 $t
     /tmp/ccsqIRLo.s:285    .text.EXTI15_10_IRQHandler:00000000 EXTI15_10_IRQHandler

UNDEFINED SYMBOLS
HAL_IncTick
HAL_CAN_IRQHandler
hcan
HAL_TIM_IRQHandler
htim3
HAL_GPIO_EXTI_IRQHandler
